mode: set
github.com/EmilioCliff/payment-polling-app/gateway-service/cmd/server/main.go:22.13,24.16 2 0
github.com/EmilioCliff/payment-polling-app/gateway-service/cmd/server/main.go:24.16,27.3 2 0
github.com/EmilioCliff/payment-polling-app/gateway-service/cmd/server/main.go:29.2,30.16 2 0
github.com/EmilioCliff/payment-polling-app/gateway-service/cmd/server/main.go:30.16,33.3 2 0
github.com/EmilioCliff/payment-polling-app/gateway-service/cmd/server/main.go:34.2,37.16 3 0
github.com/EmilioCliff/payment-polling-app/gateway-service/cmd/server/main.go:37.16,40.3 2 0
github.com/EmilioCliff/payment-polling-app/gateway-service/cmd/server/main.go:41.2,44.16 3 0
github.com/EmilioCliff/payment-polling-app/gateway-service/cmd/server/main.go:44.16,46.3 1 0
github.com/EmilioCliff/payment-polling-app/gateway-service/cmd/server/main.go:48.2,52.16 4 0
github.com/EmilioCliff/payment-polling-app/gateway-service/cmd/server/main.go:52.16,55.3 2 0
github.com/EmilioCliff/payment-polling-app/gateway-service/cmd/server/main.go:57.2,69.16 9 0
github.com/EmilioCliff/payment-polling-app/gateway-service/cmd/server/main.go:69.16,72.3 2 0
github.com/EmilioCliff/payment-polling-app/gateway-service/cmd/server/main.go:75.59,80.6 5 0
github.com/EmilioCliff/payment-polling-app/gateway-service/cmd/server/main.go:80.6,82.17 2 0
github.com/EmilioCliff/payment-polling-app/gateway-service/cmd/server/main.go:82.17,84.18 2 0
github.com/EmilioCliff/payment-polling-app/gateway-service/cmd/server/main.go:84.18,86.5 1 0
github.com/EmilioCliff/payment-polling-app/gateway-service/cmd/server/main.go:87.4,90.12 4 0
github.com/EmilioCliff/payment-polling-app/gateway-service/cmd/server/main.go:92.3,93.8 2 0
github.com/EmilioCliff/payment-polling-app/gateway-service/cmd/server/main.go:96.2,96.24 1 0
github.com/EmilioCliff/payment-polling-app/gateway-service/docs/docs.go:356.13,358.2 1 0
github.com/EmilioCliff/payment-polling-app/gateway-service/internal/gRPC/auth.go:15.89,28.16 4 1
github.com/EmilioCliff/payment-polling-app/gateway-service/internal/gRPC/auth.go:28.16,30.9 2 1
github.com/EmilioCliff/payment-polling-app/gateway-service/internal/gRPC/auth.go:30.9,34.4 3 1
github.com/EmilioCliff/payment-polling-app/gateway-service/internal/gRPC/auth.go:34.9,36.4 1 1
github.com/EmilioCliff/payment-polling-app/gateway-service/internal/gRPC/auth.go:39.2,39.46 1 1
github.com/EmilioCliff/payment-polling-app/gateway-service/internal/gRPC/auth.go:42.83,50.16 4 1
github.com/EmilioCliff/payment-polling-app/gateway-service/internal/gRPC/auth.go:50.16,52.9 2 1
github.com/EmilioCliff/payment-polling-app/gateway-service/internal/gRPC/auth.go:52.9,56.4 3 1
github.com/EmilioCliff/payment-polling-app/gateway-service/internal/gRPC/auth.go:56.9,58.4 1 1
github.com/EmilioCliff/payment-polling-app/gateway-service/internal/gRPC/auth.go:61.2,61.46 1 1
github.com/EmilioCliff/payment-polling-app/gateway-service/internal/gRPC/client.go:23.34,27.2 1 1
github.com/EmilioCliff/payment-polling-app/gateway-service/internal/gRPC/client.go:29.51,31.16 2 1
github.com/EmilioCliff/payment-polling-app/gateway-service/internal/gRPC/client.go:31.16,33.3 1 1
github.com/EmilioCliff/payment-polling-app/gateway-service/internal/gRPC/client.go:35.2,36.12 2 1
github.com/EmilioCliff/payment-polling-app/gateway-service/internal/gRPC/client.go:39.82,40.14 1 1
github.com/EmilioCliff/payment-polling-app/gateway-service/internal/gRPC/client.go:41.22,44.4 1 1
github.com/EmilioCliff/payment-polling-app/gateway-service/internal/gRPC/client.go:45.22,48.4 1 1
github.com/EmilioCliff/payment-polling-app/gateway-service/internal/gRPC/client.go:49.27,52.4 1 1
github.com/EmilioCliff/payment-polling-app/gateway-service/internal/gRPC/client.go:53.29,56.4 1 1
github.com/EmilioCliff/payment-polling-app/gateway-service/internal/gRPC/client.go:57.30,60.4 1 1
github.com/EmilioCliff/payment-polling-app/gateway-service/internal/gRPC/client.go:61.10,64.4 1 1
github.com/EmilioCliff/payment-polling-app/gateway-service/internal/rabbitmq/auth.go:16.94,23.16 3 0
github.com/EmilioCliff/payment-polling-app/gateway-service/internal/rabbitmq/auth.go:23.16,25.3 1 0
github.com/EmilioCliff/payment-polling-app/gateway-service/internal/rabbitmq/auth.go:27.2,48.16 9 0
github.com/EmilioCliff/payment-polling-app/gateway-service/internal/rabbitmq/auth.go:48.16,50.3 1 0
github.com/EmilioCliff/payment-polling-app/gateway-service/internal/rabbitmq/auth.go:52.2,52.9 1 0
github.com/EmilioCliff/payment-polling-app/gateway-service/internal/rabbitmq/auth.go:53.32,54.41 1 0
github.com/EmilioCliff/payment-polling-app/gateway-service/internal/rabbitmq/auth.go:54.41,58.18 3 0
github.com/EmilioCliff/payment-polling-app/gateway-service/internal/rabbitmq/auth.go:58.18,60.5 1 0
github.com/EmilioCliff/payment-polling-app/gateway-service/internal/rabbitmq/auth.go:62.4,62.30 1 0
github.com/EmilioCliff/payment-polling-app/gateway-service/internal/rabbitmq/auth.go:62.30,64.5 1 0
github.com/EmilioCliff/payment-polling-app/gateway-service/internal/rabbitmq/auth.go:66.4,66.53 1 0
github.com/EmilioCliff/payment-polling-app/gateway-service/internal/rabbitmq/auth.go:68.37,69.83 1 0
github.com/EmilioCliff/payment-polling-app/gateway-service/internal/rabbitmq/auth.go:72.2,72.72 1 0
github.com/EmilioCliff/payment-polling-app/gateway-service/internal/rabbitmq/auth.go:74.88,81.16 3 0
github.com/EmilioCliff/payment-polling-app/gateway-service/internal/rabbitmq/auth.go:81.16,83.3 1 0
github.com/EmilioCliff/payment-polling-app/gateway-service/internal/rabbitmq/auth.go:85.2,106.16 9 0
github.com/EmilioCliff/payment-polling-app/gateway-service/internal/rabbitmq/auth.go:106.16,108.3 1 0
github.com/EmilioCliff/payment-polling-app/gateway-service/internal/rabbitmq/auth.go:110.2,110.9 1 0
github.com/EmilioCliff/payment-polling-app/gateway-service/internal/rabbitmq/auth.go:111.32,112.41 1 0
github.com/EmilioCliff/payment-polling-app/gateway-service/internal/rabbitmq/auth.go:112.41,116.18 3 0
github.com/EmilioCliff/payment-polling-app/gateway-service/internal/rabbitmq/auth.go:116.18,118.5 1 0
github.com/EmilioCliff/payment-polling-app/gateway-service/internal/rabbitmq/auth.go:120.4,120.31 1 0
github.com/EmilioCliff/payment-polling-app/gateway-service/internal/rabbitmq/auth.go:120.31,122.5 1 0
github.com/EmilioCliff/payment-polling-app/gateway-service/internal/rabbitmq/auth.go:124.4,124.54 1 0
github.com/EmilioCliff/payment-polling-app/gateway-service/internal/rabbitmq/auth.go:127.37,128.83 1 0
github.com/EmilioCliff/payment-polling-app/gateway-service/internal/rabbitmq/auth.go:131.2,131.72 1 0
github.com/EmilioCliff/payment-polling-app/gateway-service/internal/rabbitmq/connect.go:25.80,31.2 1 0
github.com/EmilioCliff/payment-polling-app/gateway-service/internal/rabbitmq/connect.go:33.36,37.2 1 0
github.com/EmilioCliff/payment-polling-app/gateway-service/internal/rabbitmq/connect.go:39.60,48.16 2 0
github.com/EmilioCliff/payment-polling-app/gateway-service/internal/rabbitmq/connect.go:48.16,50.3 1 0
github.com/EmilioCliff/payment-polling-app/gateway-service/internal/rabbitmq/connect.go:52.2,52.31 1 0
github.com/EmilioCliff/payment-polling-app/gateway-service/internal/rabbitmq/connect.go:52.31,59.17 1 0
github.com/EmilioCliff/payment-polling-app/gateway-service/internal/rabbitmq/connect.go:59.17,61.4 1 0
github.com/EmilioCliff/payment-polling-app/gateway-service/internal/rabbitmq/connect.go:64.2,73.16 2 0
github.com/EmilioCliff/payment-polling-app/gateway-service/internal/rabbitmq/connect.go:73.16,75.3 1 0
github.com/EmilioCliff/payment-polling-app/gateway-service/internal/rabbitmq/connect.go:77.2,79.12 2 0
github.com/EmilioCliff/payment-polling-app/gateway-service/internal/rabbitmq/connect.go:79.12,80.29 1 0
github.com/EmilioCliff/payment-polling-app/gateway-service/internal/rabbitmq/connect.go:80.29,81.53 1 0
github.com/EmilioCliff/payment-polling-app/gateway-service/internal/rabbitmq/connect.go:81.53,85.5 2 0
github.com/EmilioCliff/payment-polling-app/gateway-service/internal/rabbitmq/connect.go:89.2,93.12 3 0
github.com/EmilioCliff/payment-polling-app/gateway-service/internal/rabbitmq/connect.go:96.78,100.2 3 0
github.com/EmilioCliff/payment-polling-app/gateway-service/internal/rabbitmq/connect.go:102.77,107.2 4 0
github.com/EmilioCliff/payment-polling-app/gateway-service/internal/rabbitmq/connect.go:109.53,113.2 3 0
github.com/EmilioCliff/payment-polling-app/gateway-service/internal/rabbitmq/payment.go:16.100,23.16 3 0
github.com/EmilioCliff/payment-polling-app/gateway-service/internal/rabbitmq/payment.go:23.16,25.3 1 0
github.com/EmilioCliff/payment-polling-app/gateway-service/internal/rabbitmq/payment.go:27.2,48.16 9 0
github.com/EmilioCliff/payment-polling-app/gateway-service/internal/rabbitmq/payment.go:48.16,50.3 1 0
github.com/EmilioCliff/payment-polling-app/gateway-service/internal/rabbitmq/payment.go:52.2,52.9 1 0
github.com/EmilioCliff/payment-polling-app/gateway-service/internal/rabbitmq/payment.go:53.32,54.41 1 0
github.com/EmilioCliff/payment-polling-app/gateway-service/internal/rabbitmq/payment.go:54.41,58.18 3 0
github.com/EmilioCliff/payment-polling-app/gateway-service/internal/rabbitmq/payment.go:58.18,60.5 1 0
github.com/EmilioCliff/payment-polling-app/gateway-service/internal/rabbitmq/payment.go:62.4,62.33 1 0
github.com/EmilioCliff/payment-polling-app/gateway-service/internal/rabbitmq/payment.go:62.33,64.5 1 0
github.com/EmilioCliff/payment-polling-app/gateway-service/internal/rabbitmq/payment.go:66.4,66.56 1 0
github.com/EmilioCliff/payment-polling-app/gateway-service/internal/rabbitmq/payment.go:68.37,69.83 1 0
github.com/EmilioCliff/payment-polling-app/gateway-service/internal/rabbitmq/payment.go:72.2,72.72 1 0
github.com/EmilioCliff/payment-polling-app/gateway-service/internal/rabbitmq/payment.go:79.103,88.16 3 0
github.com/EmilioCliff/payment-polling-app/gateway-service/internal/rabbitmq/payment.go:88.16,90.3 1 0
github.com/EmilioCliff/payment-polling-app/gateway-service/internal/rabbitmq/payment.go:92.2,113.16 9 0
github.com/EmilioCliff/payment-polling-app/gateway-service/internal/rabbitmq/payment.go:113.16,115.3 1 0
github.com/EmilioCliff/payment-polling-app/gateway-service/internal/rabbitmq/payment.go:117.2,117.9 1 0
github.com/EmilioCliff/payment-polling-app/gateway-service/internal/rabbitmq/payment.go:118.32,119.41 1 0
github.com/EmilioCliff/payment-polling-app/gateway-service/internal/rabbitmq/payment.go:119.41,123.18 3 0
github.com/EmilioCliff/payment-polling-app/gateway-service/internal/rabbitmq/payment.go:123.18,125.5 1 0
github.com/EmilioCliff/payment-polling-app/gateway-service/internal/rabbitmq/payment.go:127.4,127.30 1 0
github.com/EmilioCliff/payment-polling-app/gateway-service/internal/rabbitmq/payment.go:127.30,129.5 1 0
github.com/EmilioCliff/payment-polling-app/gateway-service/internal/rabbitmq/payment.go:131.4,131.53 1 0
github.com/EmilioCliff/payment-polling-app/gateway-service/internal/rabbitmq/payment.go:133.37,134.83 1 0
github.com/EmilioCliff/payment-polling-app/gateway-service/internal/rabbitmq/payment.go:137.2,137.72 1 0
github.com/EmilioCliff/payment-polling-app/gateway-service/internal/mock/grpc-service.go:15.94,17.2 1 0
github.com/EmilioCliff/payment-polling-app/gateway-service/internal/mock/grpc-service.go:18.88,20.2 1 0
github.com/EmilioCliff/payment-polling-app/gateway-service/internal/mock/http-service.go:15.94,17.2 1 0
github.com/EmilioCliff/payment-polling-app/gateway-service/internal/mock/http-service.go:19.88,21.2 1 0
github.com/EmilioCliff/payment-polling-app/gateway-service/internal/mock/rabbitmq-service.go:19.100,21.2 1 0
github.com/EmilioCliff/payment-polling-app/gateway-service/internal/mock/rabbitmq-service.go:22.94,24.2 1 0
github.com/EmilioCliff/payment-polling-app/gateway-service/internal/mock/rabbitmq-service.go:25.106,27.2 1 0
github.com/EmilioCliff/payment-polling-app/gateway-service/internal/mock/rabbitmq-service.go:28.109,30.2 1 0
github.com/EmilioCliff/payment-polling-app/gateway-service/internal/mock/rabbitmq-service.go:31.66,33.2 1 0
github.com/EmilioCliff/payment-polling-app/gateway-service/pkg/config.go:17.57,22.44 3 0
github.com/EmilioCliff/payment-polling-app/gateway-service/pkg/config.go:22.44,24.3 1 0
github.com/EmilioCliff/payment-polling-app/gateway-service/pkg/config.go:26.2,28.8 2 0
github.com/EmilioCliff/payment-polling-app/gateway-service/pkg/errors.go:23.69,28.2 1 0
github.com/EmilioCliff/payment-polling-app/gateway-service/pkg/errors.go:30.49,35.2 1 0
github.com/EmilioCliff/payment-polling-app/gateway-service/pkg/token.go:31.82,33.16 2 1
github.com/EmilioCliff/payment-polling-app/gateway-service/pkg/token.go:33.16,35.3 1 0
github.com/EmilioCliff/payment-polling-app/gateway-service/pkg/token.go:37.2,38.16 2 1
github.com/EmilioCliff/payment-polling-app/gateway-service/pkg/token.go:38.16,40.3 1 0
github.com/EmilioCliff/payment-polling-app/gateway-service/pkg/token.go:42.2,43.16 2 1
github.com/EmilioCliff/payment-polling-app/gateway-service/pkg/token.go:43.16,45.3 1 0
github.com/EmilioCliff/payment-polling-app/gateway-service/pkg/token.go:47.2,48.16 2 1
github.com/EmilioCliff/payment-polling-app/gateway-service/pkg/token.go:48.16,50.3 1 0
github.com/EmilioCliff/payment-polling-app/gateway-service/pkg/token.go:52.2,57.19 2 1
github.com/EmilioCliff/payment-polling-app/gateway-service/pkg/token.go:60.93,62.16 2 1
github.com/EmilioCliff/payment-polling-app/gateway-service/pkg/token.go:62.16,64.3 1 0
github.com/EmilioCliff/payment-polling-app/gateway-service/pkg/token.go:66.2,78.19 4 1
github.com/EmilioCliff/payment-polling-app/gateway-service/pkg/token.go:81.68,82.57 1 1
github.com/EmilioCliff/payment-polling-app/gateway-service/pkg/token.go:82.57,84.10 2 1
github.com/EmilioCliff/payment-polling-app/gateway-service/pkg/token.go:84.10,86.4 1 1
github.com/EmilioCliff/payment-polling-app/gateway-service/pkg/token.go:88.3,88.30 1 1
github.com/EmilioCliff/payment-polling-app/gateway-service/pkg/token.go:90.2,91.16 2 1
github.com/EmilioCliff/payment-polling-app/gateway-service/pkg/token.go:91.16,93.3 1 1
github.com/EmilioCliff/payment-polling-app/gateway-service/pkg/token.go:95.2,96.9 2 1
github.com/EmilioCliff/payment-polling-app/gateway-service/pkg/token.go:96.9,98.3 1 0
github.com/EmilioCliff/payment-polling-app/gateway-service/pkg/token.go:100.2,100.50 1 1
github.com/EmilioCliff/payment-polling-app/gateway-service/pkg/token.go:100.50,102.3 1 1
github.com/EmilioCliff/payment-polling-app/gateway-service/pkg/token.go:104.2,104.64 1 1
github.com/EmilioCliff/payment-polling-app/gateway-service/pkg/token.go:104.64,106.3 1 0
github.com/EmilioCliff/payment-polling-app/gateway-service/pkg/token.go:108.2,108.21 1 1
github.com/EmilioCliff/payment-polling-app/gateway-service/docs/docs.go:356.13,358.2 1 1
github.com/EmilioCliff/payment-polling-app/gateway-service/internal/http/auth.go:24.53,28.3 1 1
github.com/EmilioCliff/payment-polling-app/gateway-service/internal/http/auth.go:30.90,32.16 2 1
github.com/EmilioCliff/payment-polling-app/gateway-service/internal/http/auth.go:32.16,34.3 1 0
github.com/EmilioCliff/payment-polling-app/gateway-service/internal/http/auth.go:36.2,37.16 2 1
github.com/EmilioCliff/payment-polling-app/gateway-service/internal/http/auth.go:37.16,39.3 1 0
github.com/EmilioCliff/payment-polling-app/gateway-service/internal/http/auth.go:41.2,43.16 3 1
github.com/EmilioCliff/payment-polling-app/gateway-service/internal/http/auth.go:43.16,45.3 1 0
github.com/EmilioCliff/payment-polling-app/gateway-service/internal/http/auth.go:46.2,49.16 3 1
github.com/EmilioCliff/payment-polling-app/gateway-service/internal/http/auth.go:49.16,51.3 1 0
github.com/EmilioCliff/payment-polling-app/gateway-service/internal/http/auth.go:53.2,56.16 3 1
github.com/EmilioCliff/payment-polling-app/gateway-service/internal/http/auth.go:56.16,58.3 1 0
github.com/EmilioCliff/payment-polling-app/gateway-service/internal/http/auth.go:60.2,60.42 1 1
github.com/EmilioCliff/payment-polling-app/gateway-service/internal/http/auth.go:60.42,62.3 1 1
github.com/EmilioCliff/payment-polling-app/gateway-service/internal/http/auth.go:64.2,64.62 1 1
github.com/EmilioCliff/payment-polling-app/gateway-service/internal/http/auth.go:67.84,69.16 2 1
github.com/EmilioCliff/payment-polling-app/gateway-service/internal/http/auth.go:69.16,71.3 1 0
github.com/EmilioCliff/payment-polling-app/gateway-service/internal/http/auth.go:73.2,74.16 2 1
github.com/EmilioCliff/payment-polling-app/gateway-service/internal/http/auth.go:74.16,76.3 1 0
github.com/EmilioCliff/payment-polling-app/gateway-service/internal/http/auth.go:78.2,80.16 3 1
github.com/EmilioCliff/payment-polling-app/gateway-service/internal/http/auth.go:80.16,82.3 1 0
github.com/EmilioCliff/payment-polling-app/gateway-service/internal/http/auth.go:83.2,86.16 3 1
github.com/EmilioCliff/payment-polling-app/gateway-service/internal/http/auth.go:86.16,88.3 1 0
github.com/EmilioCliff/payment-polling-app/gateway-service/internal/http/auth.go:90.2,93.16 3 1
github.com/EmilioCliff/payment-polling-app/gateway-service/internal/http/auth.go:93.16,95.3 1 0
github.com/EmilioCliff/payment-polling-app/gateway-service/internal/http/auth.go:97.2,97.42 1 1
github.com/EmilioCliff/payment-polling-app/gateway-service/internal/http/auth.go:97.42,99.3 1 1
github.com/EmilioCliff/payment-polling-app/gateway-service/internal/http/auth.go:101.2,101.62 1 1
github.com/EmilioCliff/payment-polling-app/gateway-service/internal/http/handlers.go:21.59,23.49 2 1
github.com/EmilioCliff/payment-polling-app/gateway-service/internal/http/handlers.go:23.49,26.3 2 1
github.com/EmilioCliff/payment-polling-app/gateway-service/internal/http/handlers.go:28.2,29.27 2 1
github.com/EmilioCliff/payment-polling-app/gateway-service/internal/http/handlers.go:41.56,43.49 2 1
github.com/EmilioCliff/payment-polling-app/gateway-service/internal/http/handlers.go:43.49,46.3 2 1
github.com/EmilioCliff/payment-polling-app/gateway-service/internal/http/handlers.go:49.2,50.27 2 1
github.com/EmilioCliff/payment-polling-app/gateway-service/internal/http/handlers.go:62.62,64.49 2 1
github.com/EmilioCliff/payment-polling-app/gateway-service/internal/http/handlers.go:64.49,67.3 2 1
github.com/EmilioCliff/payment-polling-app/gateway-service/internal/http/handlers.go:69.2,70.27 2 1
github.com/EmilioCliff/payment-polling-app/gateway-service/internal/http/handlers.go:82.61,84.48 2 1
github.com/EmilioCliff/payment-polling-app/gateway-service/internal/http/handlers.go:84.48,87.3 2 0
github.com/EmilioCliff/payment-polling-app/gateway-service/internal/http/handlers.go:89.2,90.27 2 1
github.com/EmilioCliff/payment-polling-app/gateway-service/internal/http/middleware.go:17.72,18.32 1 1
github.com/EmilioCliff/payment-polling-app/gateway-service/internal/http/middleware.go:18.32,20.35 2 1
github.com/EmilioCliff/payment-polling-app/gateway-service/internal/http/middleware.go:20.35,24.4 3 1
github.com/EmilioCliff/payment-polling-app/gateway-service/internal/http/middleware.go:26.3,27.22 2 1
github.com/EmilioCliff/payment-polling-app/gateway-service/internal/http/middleware.go:27.22,31.4 3 1
github.com/EmilioCliff/payment-polling-app/gateway-service/internal/http/middleware.go:33.3,33.28 1 1
github.com/EmilioCliff/payment-polling-app/gateway-service/internal/http/middleware.go:33.28,37.4 3 1
github.com/EmilioCliff/payment-polling-app/gateway-service/internal/http/middleware.go:39.3,42.17 3 1
github.com/EmilioCliff/payment-polling-app/gateway-service/internal/http/middleware.go:42.17,45.4 2 1
github.com/EmilioCliff/payment-polling-app/gateway-service/internal/http/middleware.go:47.3,48.13 2 1
github.com/EmilioCliff/payment-polling-app/gateway-service/internal/http/server.go:22.52,30.2 3 1
github.com/EmilioCliff/payment-polling-app/gateway-service/internal/http/server.go:32.34,42.2 7 1
github.com/EmilioCliff/payment-polling-app/gateway-service/internal/http/server.go:44.47,46.2 1 0
github.com/EmilioCliff/payment-polling-app/gateway-service/internal/mock/grpc-service.go:15.94,17.2 1 1
github.com/EmilioCliff/payment-polling-app/gateway-service/internal/mock/grpc-service.go:18.88,20.2 1 0
github.com/EmilioCliff/payment-polling-app/gateway-service/internal/mock/http-service.go:15.94,17.2 1 0
github.com/EmilioCliff/payment-polling-app/gateway-service/internal/mock/http-service.go:19.88,21.2 1 1
github.com/EmilioCliff/payment-polling-app/gateway-service/internal/mock/rabbitmq-service.go:19.100,21.2 1 0
github.com/EmilioCliff/payment-polling-app/gateway-service/internal/mock/rabbitmq-service.go:22.94,24.2 1 0
github.com/EmilioCliff/payment-polling-app/gateway-service/internal/mock/rabbitmq-service.go:25.106,27.2 1 1
github.com/EmilioCliff/payment-polling-app/gateway-service/internal/mock/rabbitmq-service.go:28.109,30.2 1 1
github.com/EmilioCliff/payment-polling-app/gateway-service/internal/mock/rabbitmq-service.go:31.66,33.2 1 0
