mode: set
github.com/EmilioCliff/payment-polling-app/authentication-service/cmd/server/main.go:13.13,15.16 2 0
github.com/EmilioCliff/payment-polling-app/authentication-service/cmd/server/main.go:15.16,17.3 1 0
github.com/EmilioCliff/payment-polling-app/authentication-service/cmd/server/main.go:19.2,20.16 2 0
github.com/EmilioCliff/payment-polling-app/authentication-service/cmd/server/main.go:20.16,22.3 1 0
github.com/EmilioCliff/payment-polling-app/authentication-service/cmd/server/main.go:24.2,26.16 3 0
github.com/EmilioCliff/payment-polling-app/authentication-service/cmd/server/main.go:26.16,28.3 1 0
github.com/EmilioCliff/payment-polling-app/authentication-service/cmd/server/main.go:30.2,35.12 4 0
github.com/EmilioCliff/payment-polling-app/authentication-service/cmd/server/main.go:35.12,37.59 2 0
github.com/EmilioCliff/payment-polling-app/authentication-service/cmd/server/main.go:37.59,39.4 1 0
github.com/EmilioCliff/payment-polling-app/authentication-service/cmd/server/main.go:42.2,44.52 2 0
github.com/EmilioCliff/payment-polling-app/authentication-service/cmd/server/main.go:44.52,46.3 1 0
github.com/EmilioCliff/payment-polling-app/authentication-service/cmd/server/main.go:48.2,49.12 2 0
github.com/EmilioCliff/payment-polling-app/authentication-service/cmd/server/main.go:49.12,51.118 2 0
github.com/EmilioCliff/payment-polling-app/authentication-service/cmd/server/main.go:51.118,53.4 1 0
github.com/EmilioCliff/payment-polling-app/authentication-service/cmd/server/main.go:56.2,57.16 2 0
github.com/EmilioCliff/payment-polling-app/authentication-service/cmd/server/main.go:57.16,59.3 1 0
github.com/EmilioCliff/payment-polling-app/authentication-service/cmd/server/main.go:61.2,65.16 4 0
github.com/EmilioCliff/payment-polling-app/authentication-service/cmd/server/main.go:65.16,67.3 1 0
github.com/EmilioCliff/payment-polling-app/authentication-service/internal/mock/users.go:17.99,19.2 1 0
github.com/EmilioCliff/payment-polling-app/authentication-service/internal/mock/users.go:21.110,23.2 1 0
github.com/EmilioCliff/payment-polling-app/authentication-service/internal/mock/users.go:25.100,27.2 1 0
github.com/EmilioCliff/payment-polling-app/authentication-service/internal/handlers/http/server.go:19.76,28.2 3 1
github.com/EmilioCliff/payment-polling-app/authentication-service/internal/handlers/http/server.go:30.34,38.2 5 1
github.com/EmilioCliff/payment-polling-app/authentication-service/internal/handlers/http/server.go:40.58,42.2 1 1
github.com/EmilioCliff/payment-polling-app/authentication-service/internal/handlers/http/server.go:44.36,46.2 1 0
github.com/EmilioCliff/payment-polling-app/authentication-service/internal/handlers/http/users.go:28.59,30.49 2 1
github.com/EmilioCliff/payment-polling-app/authentication-service/internal/handlers/http/users.go:30.49,33.3 2 1
github.com/EmilioCliff/payment-polling-app/authentication-service/internal/handlers/http/users.go:35.2,44.16 2 1
github.com/EmilioCliff/payment-polling-app/authentication-service/internal/handlers/http/users.go:44.16,47.3 2 1
github.com/EmilioCliff/payment-polling-app/authentication-service/internal/handlers/http/users.go:49.2,53.4 1 1
github.com/EmilioCliff/payment-polling-app/authentication-service/internal/handlers/http/users.go:69.56,71.49 2 1
github.com/EmilioCliff/payment-polling-app/authentication-service/internal/handlers/http/users.go:71.49,74.3 2 1
github.com/EmilioCliff/payment-polling-app/authentication-service/internal/handlers/http/users.go:76.2,77.16 2 1
github.com/EmilioCliff/payment-polling-app/authentication-service/internal/handlers/http/users.go:77.16,80.3 2 1
github.com/EmilioCliff/payment-polling-app/authentication-service/internal/handlers/http/users.go:82.2,83.16 2 1
github.com/EmilioCliff/payment-polling-app/authentication-service/internal/handlers/http/users.go:83.16,86.3 2 1
github.com/EmilioCliff/payment-polling-app/authentication-service/internal/handlers/http/users.go:88.2,89.16 2 1
github.com/EmilioCliff/payment-polling-app/authentication-service/internal/handlers/http/users.go:89.16,91.3 1 0
github.com/EmilioCliff/payment-polling-app/authentication-service/internal/handlers/http/users.go:93.2,99.4 1 1
github.com/EmilioCliff/payment-polling-app/authentication-service/internal/handlers/http/users.go:102.54,103.16 1 1
github.com/EmilioCliff/payment-polling-app/authentication-service/internal/handlers/http/users.go:104.35,105.35 1 1
github.com/EmilioCliff/payment-polling-app/authentication-service/internal/handlers/http/users.go:106.29,107.46 1 1
github.com/EmilioCliff/payment-polling-app/authentication-service/internal/handlers/http/users.go:108.28,109.37 1 1
github.com/EmilioCliff/payment-polling-app/authentication-service/internal/handlers/http/users.go:110.30,111.35 1 1
github.com/EmilioCliff/payment-polling-app/authentication-service/internal/handlers/http/users.go:112.36,113.41 1 1
github.com/EmilioCliff/payment-polling-app/authentication-service/internal/handlers/http/users.go:114.35,115.39 1 1
github.com/EmilioCliff/payment-polling-app/authentication-service/internal/handlers/http/users.go:116.13,117.46 1 1
github.com/EmilioCliff/payment-polling-app/authentication-service/internal/mock/users.go:17.99,19.2 1 1
github.com/EmilioCliff/payment-polling-app/authentication-service/internal/mock/users.go:21.110,23.2 1 1
github.com/EmilioCliff/payment-polling-app/authentication-service/internal/mock/users.go:25.100,27.2 1 0
github.com/EmilioCliff/payment-polling-app/authentication-service/internal/repository/users.go:22.33,23.22 1 1
github.com/EmilioCliff/payment-polling-app/authentication-service/internal/repository/users.go:23.22,25.3 1 0
github.com/EmilioCliff/payment-polling-app/authentication-service/internal/repository/users.go:26.2,26.19 1 1
github.com/EmilioCliff/payment-polling-app/authentication-service/internal/repository/users.go:26.19,28.3 1 0
github.com/EmilioCliff/payment-polling-app/authentication-service/internal/repository/users.go:29.2,29.22 1 1
github.com/EmilioCliff/payment-polling-app/authentication-service/internal/repository/users.go:29.22,31.3 1 0
github.com/EmilioCliff/payment-polling-app/authentication-service/internal/repository/users.go:32.2,32.26 1 1
github.com/EmilioCliff/payment-polling-app/authentication-service/internal/repository/users.go:32.26,34.3 1 0
github.com/EmilioCliff/payment-polling-app/authentication-service/internal/repository/users.go:35.2,35.27 1 1
github.com/EmilioCliff/payment-polling-app/authentication-service/internal/repository/users.go:35.27,37.3 1 0
github.com/EmilioCliff/payment-polling-app/authentication-service/internal/repository/users.go:38.2,38.29 1 1
github.com/EmilioCliff/payment-polling-app/authentication-service/internal/repository/users.go:38.29,40.3 1 0
github.com/EmilioCliff/payment-polling-app/authentication-service/internal/repository/users.go:41.2,41.29 1 1
github.com/EmilioCliff/payment-polling-app/authentication-service/internal/repository/users.go:41.29,43.3 1 0
github.com/EmilioCliff/payment-polling-app/authentication-service/internal/repository/users.go:45.2,45.12 1 1
github.com/EmilioCliff/payment-polling-app/authentication-service/pkg/config.go:27.57,32.44 3 0
github.com/EmilioCliff/payment-polling-app/authentication-service/pkg/config.go:32.44,34.3 1 0
github.com/EmilioCliff/payment-polling-app/authentication-service/pkg/config.go:36.2,38.8 2 0
github.com/EmilioCliff/payment-polling-app/authentication-service/pkg/encryptor.go:11.60,13.16 2 0
github.com/EmilioCliff/payment-polling-app/authentication-service/pkg/encryptor.go:13.16,15.3 1 0
github.com/EmilioCliff/payment-polling-app/authentication-service/pkg/encryptor.go:17.2,19.56 3 0
github.com/EmilioCliff/payment-polling-app/authentication-service/pkg/encryptor.go:19.56,21.3 1 0
github.com/EmilioCliff/payment-polling-app/authentication-service/pkg/encryptor.go:23.2,26.59 3 0
github.com/EmilioCliff/payment-polling-app/authentication-service/pkg/encryptor.go:29.61,31.16 2 0
github.com/EmilioCliff/payment-polling-app/authentication-service/pkg/encryptor.go:31.16,33.3 1 0
github.com/EmilioCliff/payment-polling-app/authentication-service/pkg/encryptor.go:35.2,36.16 2 0
github.com/EmilioCliff/payment-polling-app/authentication-service/pkg/encryptor.go:36.16,38.3 1 0
github.com/EmilioCliff/payment-polling-app/authentication-service/pkg/encryptor.go:40.2,40.42 1 0
github.com/EmilioCliff/payment-polling-app/authentication-service/pkg/encryptor.go:40.42,42.3 1 0
github.com/EmilioCliff/payment-polling-app/authentication-service/pkg/encryptor.go:44.2,50.37 5 0
github.com/EmilioCliff/payment-polling-app/authentication-service/pkg/errors.go:57.32,59.2 1 0
github.com/EmilioCliff/payment-polling-app/authentication-service/pkg/errors.go:63.34,65.16 2 1
github.com/EmilioCliff/payment-polling-app/authentication-service/pkg/errors.go:65.16,67.3 1 0
github.com/EmilioCliff/payment-polling-app/authentication-service/pkg/errors.go:67.8,67.31 1 1
github.com/EmilioCliff/payment-polling-app/authentication-service/pkg/errors.go:67.31,69.3 1 0
github.com/EmilioCliff/payment-polling-app/authentication-service/pkg/errors.go:70.2,70.23 1 1
github.com/EmilioCliff/payment-polling-app/authentication-service/pkg/errors.go:75.37,77.16 2 1
github.com/EmilioCliff/payment-polling-app/authentication-service/pkg/errors.go:77.16,79.3 1 0
github.com/EmilioCliff/payment-polling-app/authentication-service/pkg/errors.go:79.8,79.31 1 1
github.com/EmilioCliff/payment-polling-app/authentication-service/pkg/errors.go:79.31,81.3 1 0
github.com/EmilioCliff/payment-polling-app/authentication-service/pkg/errors.go:82.2,82.26 1 1
github.com/EmilioCliff/payment-polling-app/authentication-service/pkg/errors.go:86.69,91.2 1 0
github.com/EmilioCliff/payment-polling-app/authentication-service/pkg/password.go:9.70,11.16 2 1
github.com/EmilioCliff/payment-polling-app/authentication-service/pkg/password.go:11.16,13.3 1 0
github.com/EmilioCliff/payment-polling-app/authentication-service/pkg/password.go:15.2,15.34 1 1
github.com/EmilioCliff/payment-polling-app/authentication-service/pkg/password.go:18.69,20.2 1 1
github.com/EmilioCliff/payment-polling-app/authentication-service/pkg/token.go:31.82,33.16 2 0
github.com/EmilioCliff/payment-polling-app/authentication-service/pkg/token.go:33.16,35.3 1 0
github.com/EmilioCliff/payment-polling-app/authentication-service/pkg/token.go:37.2,38.16 2 0
github.com/EmilioCliff/payment-polling-app/authentication-service/pkg/token.go:38.16,40.3 1 0
github.com/EmilioCliff/payment-polling-app/authentication-service/pkg/token.go:42.2,43.16 2 0
github.com/EmilioCliff/payment-polling-app/authentication-service/pkg/token.go:43.16,45.3 1 0
github.com/EmilioCliff/payment-polling-app/authentication-service/pkg/token.go:47.2,48.16 2 0
github.com/EmilioCliff/payment-polling-app/authentication-service/pkg/token.go:48.16,50.3 1 0
github.com/EmilioCliff/payment-polling-app/authentication-service/pkg/token.go:52.2,57.19 2 0
github.com/EmilioCliff/payment-polling-app/authentication-service/pkg/token.go:60.93,62.16 2 1
github.com/EmilioCliff/payment-polling-app/authentication-service/pkg/token.go:62.16,64.3 1 0
github.com/EmilioCliff/payment-polling-app/authentication-service/pkg/token.go:66.2,78.19 4 1
github.com/EmilioCliff/payment-polling-app/authentication-service/pkg/token.go:81.68,82.57 1 0
github.com/EmilioCliff/payment-polling-app/authentication-service/pkg/token.go:82.57,84.10 2 0
github.com/EmilioCliff/payment-polling-app/authentication-service/pkg/token.go:84.10,86.4 1 0
github.com/EmilioCliff/payment-polling-app/authentication-service/pkg/token.go:88.3,88.30 1 0
github.com/EmilioCliff/payment-polling-app/authentication-service/pkg/token.go:90.2,91.16 2 0
github.com/EmilioCliff/payment-polling-app/authentication-service/pkg/token.go:91.16,93.3 1 0
github.com/EmilioCliff/payment-polling-app/authentication-service/pkg/token.go:95.2,96.9 2 0
github.com/EmilioCliff/payment-polling-app/authentication-service/pkg/token.go:96.9,98.3 1 0
github.com/EmilioCliff/payment-polling-app/authentication-service/pkg/token.go:100.2,100.50 1 0
github.com/EmilioCliff/payment-polling-app/authentication-service/pkg/token.go:100.50,102.3 1 0
github.com/EmilioCliff/payment-polling-app/authentication-service/pkg/token.go:104.2,104.64 1 0
github.com/EmilioCliff/payment-polling-app/authentication-service/pkg/token.go:104.64,106.3 1 0
github.com/EmilioCliff/payment-polling-app/authentication-service/pkg/token.go:108.2,108.21 1 0
github.com/EmilioCliff/payment-polling-app/authentication-service/internal/handlers/rabbitmq/connect.go:29.76,36.2 2 1
github.com/EmilioCliff/payment-polling-app/authentication-service/internal/handlers/rabbitmq/connect.go:43.46,48.6 5 0
github.com/EmilioCliff/payment-polling-app/authentication-service/internal/handlers/rabbitmq/connect.go:48.6,50.17 2 0
github.com/EmilioCliff/payment-polling-app/authentication-service/internal/handlers/rabbitmq/connect.go:50.17,52.18 2 0
github.com/EmilioCliff/payment-polling-app/authentication-service/internal/handlers/rabbitmq/connect.go:52.18,54.5 1 0
github.com/EmilioCliff/payment-polling-app/authentication-service/internal/handlers/rabbitmq/connect.go:55.4,58.12 4 0
github.com/EmilioCliff/payment-polling-app/authentication-service/internal/handlers/rabbitmq/connect.go:60.3,61.8 2 0
github.com/EmilioCliff/payment-polling-app/authentication-service/internal/handlers/rabbitmq/connect.go:64.2,66.12 2 0
github.com/EmilioCliff/payment-polling-app/authentication-service/internal/handlers/rabbitmq/connect.go:69.57,71.16 2 0
github.com/EmilioCliff/payment-polling-app/authentication-service/internal/handlers/rabbitmq/connect.go:71.16,73.3 1 0
github.com/EmilioCliff/payment-polling-app/authentication-service/internal/handlers/rabbitmq/connect.go:74.2,84.16 3 0
github.com/EmilioCliff/payment-polling-app/authentication-service/internal/handlers/rabbitmq/connect.go:84.16,86.3 1 0
github.com/EmilioCliff/payment-polling-app/authentication-service/internal/handlers/rabbitmq/connect.go:88.2,88.31 1 0
github.com/EmilioCliff/payment-polling-app/authentication-service/internal/handlers/rabbitmq/connect.go:88.31,95.17 1 0
github.com/EmilioCliff/payment-polling-app/authentication-service/internal/handlers/rabbitmq/connect.go:95.17,97.4 1 0
github.com/EmilioCliff/payment-polling-app/authentication-service/internal/handlers/rabbitmq/connect.go:100.2,109.16 2 0
github.com/EmilioCliff/payment-polling-app/authentication-service/internal/handlers/rabbitmq/connect.go:109.16,111.3 1 0
github.com/EmilioCliff/payment-polling-app/authentication-service/internal/handlers/rabbitmq/connect.go:113.2,115.12 2 0
github.com/EmilioCliff/payment-polling-app/authentication-service/internal/handlers/rabbitmq/connect.go:115.12,119.29 3 0
github.com/EmilioCliff/payment-polling-app/authentication-service/internal/handlers/rabbitmq/connect.go:119.29,122.18 3 0
github.com/EmilioCliff/payment-polling-app/authentication-service/internal/handlers/rabbitmq/connect.go:122.18,126.5 3 0
github.com/EmilioCliff/payment-polling-app/authentication-service/internal/handlers/rabbitmq/connect.go:128.4,134.8 5 0
github.com/EmilioCliff/payment-polling-app/authentication-service/internal/handlers/rabbitmq/connect.go:134.8,146.19 2 0
github.com/EmilioCliff/payment-polling-app/authentication-service/internal/handlers/rabbitmq/connect.go:146.19,147.11 1 0
github.com/EmilioCliff/payment-polling-app/authentication-service/internal/handlers/rabbitmq/connect.go:148.11,150.19 2 0
github.com/EmilioCliff/payment-polling-app/authentication-service/internal/handlers/rabbitmq/connect.go:150.19,154.7 2 0
github.com/EmilioCliff/payment-polling-app/authentication-service/internal/handlers/rabbitmq/connect.go:160.2,164.12 3 0
github.com/EmilioCliff/payment-polling-app/authentication-service/internal/handlers/rabbitmq/connect.go:167.61,168.22 1 0
github.com/EmilioCliff/payment-polling-app/authentication-service/internal/handlers/rabbitmq/connect.go:169.23,171.17 2 0
github.com/EmilioCliff/payment-polling-app/authentication-service/internal/handlers/rabbitmq/connect.go:171.17,173.4 1 0
github.com/EmilioCliff/payment-polling-app/authentication-service/internal/handlers/rabbitmq/connect.go:175.3,177.17 3 0
github.com/EmilioCliff/payment-polling-app/authentication-service/internal/handlers/rabbitmq/connect.go:177.17,179.4 1 0
github.com/EmilioCliff/payment-polling-app/authentication-service/internal/handlers/rabbitmq/connect.go:181.3,181.51 1 0
github.com/EmilioCliff/payment-polling-app/authentication-service/internal/handlers/rabbitmq/connect.go:183.20,185.17 2 0
github.com/EmilioCliff/payment-polling-app/authentication-service/internal/handlers/rabbitmq/connect.go:185.17,187.4 1 0
github.com/EmilioCliff/payment-polling-app/authentication-service/internal/handlers/rabbitmq/connect.go:189.3,191.17 3 0
github.com/EmilioCliff/payment-polling-app/authentication-service/internal/handlers/rabbitmq/connect.go:191.17,193.4 1 0
github.com/EmilioCliff/payment-polling-app/authentication-service/internal/handlers/rabbitmq/connect.go:195.3,195.45 1 0
github.com/EmilioCliff/payment-polling-app/authentication-service/internal/handlers/rabbitmq/connect.go:197.10,199.13 1 0
github.com/EmilioCliff/payment-polling-app/authentication-service/internal/handlers/rabbitmq/handlers.go:28.73,41.16 4 1
github.com/EmilioCliff/payment-polling-app/authentication-service/internal/handlers/rabbitmq/handlers.go:41.16,43.3 1 1
github.com/EmilioCliff/payment-polling-app/authentication-service/internal/handlers/rabbitmq/handlers.go:45.2,52.19 3 1
github.com/EmilioCliff/payment-polling-app/authentication-service/internal/handlers/rabbitmq/handlers.go:52.19,54.3 1 0
github.com/EmilioCliff/payment-polling-app/authentication-service/internal/handlers/rabbitmq/handlers.go:56.2,56.16 1 1
github.com/EmilioCliff/payment-polling-app/authentication-service/internal/handlers/rabbitmq/handlers.go:72.67,77.16 4 1
github.com/EmilioCliff/payment-polling-app/authentication-service/internal/handlers/rabbitmq/handlers.go:77.16,79.3 1 1
github.com/EmilioCliff/payment-polling-app/authentication-service/internal/handlers/rabbitmq/handlers.go:81.2,82.16 2 1
github.com/EmilioCliff/payment-polling-app/authentication-service/internal/handlers/rabbitmq/handlers.go:82.16,84.3 1 1
github.com/EmilioCliff/payment-polling-app/authentication-service/internal/handlers/rabbitmq/handlers.go:86.2,87.16 2 1
github.com/EmilioCliff/payment-polling-app/authentication-service/internal/handlers/rabbitmq/handlers.go:87.16,89.3 1 0
github.com/EmilioCliff/payment-polling-app/authentication-service/internal/handlers/rabbitmq/handlers.go:91.2,100.16 3 1
github.com/EmilioCliff/payment-polling-app/authentication-service/internal/handlers/rabbitmq/handlers.go:100.16,102.3 1 0
github.com/EmilioCliff/payment-polling-app/authentication-service/internal/handlers/rabbitmq/handlers.go:104.2,104.16 1 1
github.com/EmilioCliff/payment-polling-app/authentication-service/internal/handlers/rabbitmq/helpers.go:16.70,23.16 3 1
github.com/EmilioCliff/payment-polling-app/authentication-service/internal/handlers/rabbitmq/helpers.go:23.16,26.3 2 0
github.com/EmilioCliff/payment-polling-app/authentication-service/internal/handlers/rabbitmq/helpers.go:28.2,28.21 1 1
github.com/EmilioCliff/payment-polling-app/authentication-service/internal/handlers/rabbitmq/helpers.go:31.57,32.18 1 1
github.com/EmilioCliff/payment-polling-app/authentication-service/internal/handlers/rabbitmq/helpers.go:33.32,34.29 1 1
github.com/EmilioCliff/payment-polling-app/authentication-service/internal/handlers/rabbitmq/helpers.go:35.26,36.40 1 1
github.com/EmilioCliff/payment-polling-app/authentication-service/internal/handlers/rabbitmq/helpers.go:37.25,38.31 1 1
github.com/EmilioCliff/payment-polling-app/authentication-service/internal/handlers/rabbitmq/helpers.go:39.27,40.29 1 1
github.com/EmilioCliff/payment-polling-app/authentication-service/internal/handlers/rabbitmq/helpers.go:41.33,42.35 1 1
github.com/EmilioCliff/payment-polling-app/authentication-service/internal/handlers/rabbitmq/helpers.go:43.32,44.33 1 1
github.com/EmilioCliff/payment-polling-app/authentication-service/internal/handlers/rabbitmq/helpers.go:45.10,46.40 1 1
github.com/EmilioCliff/payment-polling-app/authentication-service/internal/mock/users.go:17.99,19.2 1 1
github.com/EmilioCliff/payment-polling-app/authentication-service/internal/mock/users.go:21.110,23.2 1 1
github.com/EmilioCliff/payment-polling-app/authentication-service/internal/mock/users.go:25.100,27.2 1 0
github.com/EmilioCliff/payment-polling-app/authentication-service/internal/repository/users.go:22.33,23.22 1 1
github.com/EmilioCliff/payment-polling-app/authentication-service/internal/repository/users.go:23.22,25.3 1 1
github.com/EmilioCliff/payment-polling-app/authentication-service/internal/repository/users.go:26.2,26.19 1 1
github.com/EmilioCliff/payment-polling-app/authentication-service/internal/repository/users.go:26.19,28.3 1 0
github.com/EmilioCliff/payment-polling-app/authentication-service/internal/repository/users.go:29.2,29.22 1 1
github.com/EmilioCliff/payment-polling-app/authentication-service/internal/repository/users.go:29.22,31.3 1 0
github.com/EmilioCliff/payment-polling-app/authentication-service/internal/repository/users.go:32.2,32.26 1 1
github.com/EmilioCliff/payment-polling-app/authentication-service/internal/repository/users.go:32.26,34.3 1 0
github.com/EmilioCliff/payment-polling-app/authentication-service/internal/repository/users.go:35.2,35.27 1 1
github.com/EmilioCliff/payment-polling-app/authentication-service/internal/repository/users.go:35.27,37.3 1 0
github.com/EmilioCliff/payment-polling-app/authentication-service/internal/repository/users.go:38.2,38.29 1 1
github.com/EmilioCliff/payment-polling-app/authentication-service/internal/repository/users.go:38.29,40.3 1 0
github.com/EmilioCliff/payment-polling-app/authentication-service/internal/repository/users.go:41.2,41.29 1 1
github.com/EmilioCliff/payment-polling-app/authentication-service/internal/repository/users.go:41.29,43.3 1 0
github.com/EmilioCliff/payment-polling-app/authentication-service/internal/repository/users.go:45.2,45.12 1 1
github.com/EmilioCliff/payment-polling-app/authentication-service/pkg/config.go:27.57,32.44 3 0
github.com/EmilioCliff/payment-polling-app/authentication-service/pkg/config.go:32.44,34.3 1 0
github.com/EmilioCliff/payment-polling-app/authentication-service/pkg/config.go:36.2,38.8 2 0
github.com/EmilioCliff/payment-polling-app/authentication-service/pkg/encryptor.go:11.60,13.16 2 0
github.com/EmilioCliff/payment-polling-app/authentication-service/pkg/encryptor.go:13.16,15.3 1 0
github.com/EmilioCliff/payment-polling-app/authentication-service/pkg/encryptor.go:17.2,19.56 3 0
github.com/EmilioCliff/payment-polling-app/authentication-service/pkg/encryptor.go:19.56,21.3 1 0
github.com/EmilioCliff/payment-polling-app/authentication-service/pkg/encryptor.go:23.2,26.59 3 0
github.com/EmilioCliff/payment-polling-app/authentication-service/pkg/encryptor.go:29.61,31.16 2 0
github.com/EmilioCliff/payment-polling-app/authentication-service/pkg/encryptor.go:31.16,33.3 1 0
github.com/EmilioCliff/payment-polling-app/authentication-service/pkg/encryptor.go:35.2,36.16 2 0
github.com/EmilioCliff/payment-polling-app/authentication-service/pkg/encryptor.go:36.16,38.3 1 0
github.com/EmilioCliff/payment-polling-app/authentication-service/pkg/encryptor.go:40.2,40.42 1 0
github.com/EmilioCliff/payment-polling-app/authentication-service/pkg/encryptor.go:40.42,42.3 1 0
github.com/EmilioCliff/payment-polling-app/authentication-service/pkg/encryptor.go:44.2,50.37 5 0
github.com/EmilioCliff/payment-polling-app/authentication-service/pkg/errors.go:57.32,59.2 1 0
github.com/EmilioCliff/payment-polling-app/authentication-service/pkg/errors.go:63.34,65.16 2 1
github.com/EmilioCliff/payment-polling-app/authentication-service/pkg/errors.go:65.16,67.3 1 0
github.com/EmilioCliff/payment-polling-app/authentication-service/pkg/errors.go:67.8,67.31 1 1
github.com/EmilioCliff/payment-polling-app/authentication-service/pkg/errors.go:67.31,69.3 1 1
github.com/EmilioCliff/payment-polling-app/authentication-service/pkg/errors.go:70.2,70.23 1 0
github.com/EmilioCliff/payment-polling-app/authentication-service/pkg/errors.go:75.37,77.16 2 1
github.com/EmilioCliff/payment-polling-app/authentication-service/pkg/errors.go:77.16,79.3 1 0
github.com/EmilioCliff/payment-polling-app/authentication-service/pkg/errors.go:79.8,79.31 1 1
github.com/EmilioCliff/payment-polling-app/authentication-service/pkg/errors.go:79.31,81.3 1 1
github.com/EmilioCliff/payment-polling-app/authentication-service/pkg/errors.go:82.2,82.26 1 0
github.com/EmilioCliff/payment-polling-app/authentication-service/pkg/errors.go:86.69,91.2 1 1
github.com/EmilioCliff/payment-polling-app/authentication-service/pkg/password.go:9.70,11.16 2 1
github.com/EmilioCliff/payment-polling-app/authentication-service/pkg/password.go:11.16,13.3 1 0
github.com/EmilioCliff/payment-polling-app/authentication-service/pkg/password.go:15.2,15.34 1 1
github.com/EmilioCliff/payment-polling-app/authentication-service/pkg/password.go:18.69,20.2 1 1
github.com/EmilioCliff/payment-polling-app/authentication-service/pkg/token.go:31.82,33.16 2 0
github.com/EmilioCliff/payment-polling-app/authentication-service/pkg/token.go:33.16,35.3 1 0
github.com/EmilioCliff/payment-polling-app/authentication-service/pkg/token.go:37.2,38.16 2 0
github.com/EmilioCliff/payment-polling-app/authentication-service/pkg/token.go:38.16,40.3 1 0
github.com/EmilioCliff/payment-polling-app/authentication-service/pkg/token.go:42.2,43.16 2 0
github.com/EmilioCliff/payment-polling-app/authentication-service/pkg/token.go:43.16,45.3 1 0
github.com/EmilioCliff/payment-polling-app/authentication-service/pkg/token.go:47.2,48.16 2 0
github.com/EmilioCliff/payment-polling-app/authentication-service/pkg/token.go:48.16,50.3 1 0
github.com/EmilioCliff/payment-polling-app/authentication-service/pkg/token.go:52.2,57.19 2 0
github.com/EmilioCliff/payment-polling-app/authentication-service/pkg/token.go:60.93,62.16 2 1
github.com/EmilioCliff/payment-polling-app/authentication-service/pkg/token.go:62.16,64.3 1 0
github.com/EmilioCliff/payment-polling-app/authentication-service/pkg/token.go:66.2,78.19 4 1
github.com/EmilioCliff/payment-polling-app/authentication-service/pkg/token.go:81.68,82.57 1 0
github.com/EmilioCliff/payment-polling-app/authentication-service/pkg/token.go:82.57,84.10 2 0
github.com/EmilioCliff/payment-polling-app/authentication-service/pkg/token.go:84.10,86.4 1 0
github.com/EmilioCliff/payment-polling-app/authentication-service/pkg/token.go:88.3,88.30 1 0
github.com/EmilioCliff/payment-polling-app/authentication-service/pkg/token.go:90.2,91.16 2 0
github.com/EmilioCliff/payment-polling-app/authentication-service/pkg/token.go:91.16,93.3 1 0
github.com/EmilioCliff/payment-polling-app/authentication-service/pkg/token.go:95.2,96.9 2 0
github.com/EmilioCliff/payment-polling-app/authentication-service/pkg/token.go:96.9,98.3 1 0
github.com/EmilioCliff/payment-polling-app/authentication-service/pkg/token.go:100.2,100.50 1 0
github.com/EmilioCliff/payment-polling-app/authentication-service/pkg/token.go:100.50,102.3 1 0
github.com/EmilioCliff/payment-polling-app/authentication-service/pkg/token.go:104.2,104.64 1 0
github.com/EmilioCliff/payment-polling-app/authentication-service/pkg/token.go:104.64,106.3 1 0
github.com/EmilioCliff/payment-polling-app/authentication-service/pkg/token.go:108.2,108.21 1 0
github.com/EmilioCliff/payment-polling-app/authentication-service/internal/handlers/gRPC/server.go:23.76,28.2 1 1
github.com/EmilioCliff/payment-polling-app/authentication-service/internal/handlers/gRPC/server.go:30.47,38.16 5 1
github.com/EmilioCliff/payment-polling-app/authentication-service/internal/handlers/gRPC/server.go:38.16,40.3 1 1
github.com/EmilioCliff/payment-polling-app/authentication-service/internal/handlers/gRPC/server.go:42.2,42.52 1 1
github.com/EmilioCliff/payment-polling-app/authentication-service/internal/handlers/gRPC/server.go:42.52,44.3 1 0
github.com/EmilioCliff/payment-polling-app/authentication-service/internal/handlers/gRPC/server.go:46.2,46.12 1 1
github.com/EmilioCliff/payment-polling-app/authentication-service/internal/handlers/gRPC/server.go:49.29,51.2 1 1
github.com/EmilioCliff/payment-polling-app/authentication-service/internal/handlers/gRPC/users.go:17.119,27.16 2 1
github.com/EmilioCliff/payment-polling-app/authentication-service/internal/handlers/gRPC/users.go:27.16,30.3 2 1
github.com/EmilioCliff/payment-polling-app/authentication-service/internal/handlers/gRPC/users.go:32.2,36.8 1 1
github.com/EmilioCliff/payment-polling-app/authentication-service/internal/handlers/gRPC/users.go:39.110,41.16 2 1
github.com/EmilioCliff/payment-polling-app/authentication-service/internal/handlers/gRPC/users.go:41.16,44.3 2 1
github.com/EmilioCliff/payment-polling-app/authentication-service/internal/handlers/gRPC/users.go:46.2,47.16 2 1
github.com/EmilioCliff/payment-polling-app/authentication-service/internal/handlers/gRPC/users.go:47.16,50.3 2 1
github.com/EmilioCliff/payment-polling-app/authentication-service/internal/handlers/gRPC/users.go:52.2,53.16 2 1
github.com/EmilioCliff/payment-polling-app/authentication-service/internal/handlers/gRPC/users.go:53.16,56.3 2 0
github.com/EmilioCliff/payment-polling-app/authentication-service/internal/handlers/gRPC/users.go:58.2,66.8 1 1
github.com/EmilioCliff/payment-polling-app/authentication-service/internal/handlers/gRPC/users.go:69.104,71.16 2 1
github.com/EmilioCliff/payment-polling-app/authentication-service/internal/handlers/gRPC/users.go:71.16,72.27 1 1
github.com/EmilioCliff/payment-polling-app/authentication-service/internal/handlers/gRPC/users.go:72.27,74.4 1 1
github.com/EmilioCliff/payment-polling-app/authentication-service/internal/handlers/gRPC/users.go:75.3,75.69 1 1
github.com/EmilioCliff/payment-polling-app/authentication-service/internal/handlers/gRPC/users.go:78.2,83.8 1 1
github.com/EmilioCliff/payment-polling-app/authentication-service/internal/handlers/gRPC/users.go:86.61,87.13 1 1
github.com/EmilioCliff/payment-polling-app/authentication-service/internal/handlers/gRPC/users.go:88.32,89.29 1 1
github.com/EmilioCliff/payment-polling-app/authentication-service/internal/handlers/gRPC/users.go:90.26,91.24 1 1
github.com/EmilioCliff/payment-polling-app/authentication-service/internal/handlers/gRPC/users.go:92.25,93.31 1 1
github.com/EmilioCliff/payment-polling-app/authentication-service/internal/handlers/gRPC/users.go:94.27,95.24 1 1
github.com/EmilioCliff/payment-polling-app/authentication-service/internal/handlers/gRPC/users.go:96.33,97.29 1 1
github.com/EmilioCliff/payment-polling-app/authentication-service/internal/handlers/gRPC/users.go:98.32,99.31 1 1
github.com/EmilioCliff/payment-polling-app/authentication-service/internal/handlers/gRPC/users.go:100.10,101.24 1 1
github.com/EmilioCliff/payment-polling-app/authentication-service/internal/mock/users.go:17.99,19.2 1 1
github.com/EmilioCliff/payment-polling-app/authentication-service/internal/mock/users.go:21.110,23.2 1 1
github.com/EmilioCliff/payment-polling-app/authentication-service/internal/mock/users.go:25.100,27.2 1 1
github.com/EmilioCliff/payment-polling-app/authentication-service/internal/repository/users.go:22.33,23.22 1 1
github.com/EmilioCliff/payment-polling-app/authentication-service/internal/repository/users.go:23.22,25.3 1 1
github.com/EmilioCliff/payment-polling-app/authentication-service/internal/repository/users.go:26.2,26.19 1 1
github.com/EmilioCliff/payment-polling-app/authentication-service/internal/repository/users.go:26.19,28.3 1 0
github.com/EmilioCliff/payment-polling-app/authentication-service/internal/repository/users.go:29.2,29.22 1 1
github.com/EmilioCliff/payment-polling-app/authentication-service/internal/repository/users.go:29.22,31.3 1 0
github.com/EmilioCliff/payment-polling-app/authentication-service/internal/repository/users.go:32.2,32.26 1 1
github.com/EmilioCliff/payment-polling-app/authentication-service/internal/repository/users.go:32.26,34.3 1 0
github.com/EmilioCliff/payment-polling-app/authentication-service/internal/repository/users.go:35.2,35.27 1 1
github.com/EmilioCliff/payment-polling-app/authentication-service/internal/repository/users.go:35.27,37.3 1 0
github.com/EmilioCliff/payment-polling-app/authentication-service/internal/repository/users.go:38.2,38.29 1 1
github.com/EmilioCliff/payment-polling-app/authentication-service/internal/repository/users.go:38.29,40.3 1 0
github.com/EmilioCliff/payment-polling-app/authentication-service/internal/repository/users.go:41.2,41.29 1 1
github.com/EmilioCliff/payment-polling-app/authentication-service/internal/repository/users.go:41.29,43.3 1 0
github.com/EmilioCliff/payment-polling-app/authentication-service/internal/repository/users.go:45.2,45.12 1 1
github.com/EmilioCliff/payment-polling-app/authentication-service/pkg/config.go:27.57,32.44 3 0
github.com/EmilioCliff/payment-polling-app/authentication-service/pkg/config.go:32.44,34.3 1 0
github.com/EmilioCliff/payment-polling-app/authentication-service/pkg/config.go:36.2,38.8 2 0
github.com/EmilioCliff/payment-polling-app/authentication-service/pkg/encryptor.go:11.60,13.16 2 0
github.com/EmilioCliff/payment-polling-app/authentication-service/pkg/encryptor.go:13.16,15.3 1 0
github.com/EmilioCliff/payment-polling-app/authentication-service/pkg/encryptor.go:17.2,19.56 3 0
github.com/EmilioCliff/payment-polling-app/authentication-service/pkg/encryptor.go:19.56,21.3 1 0
github.com/EmilioCliff/payment-polling-app/authentication-service/pkg/encryptor.go:23.2,26.59 3 0
github.com/EmilioCliff/payment-polling-app/authentication-service/pkg/encryptor.go:29.61,31.16 2 0
github.com/EmilioCliff/payment-polling-app/authentication-service/pkg/encryptor.go:31.16,33.3 1 0
github.com/EmilioCliff/payment-polling-app/authentication-service/pkg/encryptor.go:35.2,36.16 2 0
github.com/EmilioCliff/payment-polling-app/authentication-service/pkg/encryptor.go:36.16,38.3 1 0
github.com/EmilioCliff/payment-polling-app/authentication-service/pkg/encryptor.go:40.2,40.42 1 0
github.com/EmilioCliff/payment-polling-app/authentication-service/pkg/encryptor.go:40.42,42.3 1 0
github.com/EmilioCliff/payment-polling-app/authentication-service/pkg/encryptor.go:44.2,50.37 5 0
github.com/EmilioCliff/payment-polling-app/authentication-service/pkg/errors.go:57.32,59.2 1 0
github.com/EmilioCliff/payment-polling-app/authentication-service/pkg/errors.go:63.34,65.16 2 1
github.com/EmilioCliff/payment-polling-app/authentication-service/pkg/errors.go:65.16,67.3 1 0
github.com/EmilioCliff/payment-polling-app/authentication-service/pkg/errors.go:67.8,67.31 1 1
github.com/EmilioCliff/payment-polling-app/authentication-service/pkg/errors.go:67.31,69.3 1 1
github.com/EmilioCliff/payment-polling-app/authentication-service/pkg/errors.go:70.2,70.23 1 1
github.com/EmilioCliff/payment-polling-app/authentication-service/pkg/errors.go:75.37,77.16 2 1
github.com/EmilioCliff/payment-polling-app/authentication-service/pkg/errors.go:77.16,79.3 1 0
github.com/EmilioCliff/payment-polling-app/authentication-service/pkg/errors.go:79.8,79.31 1 1
github.com/EmilioCliff/payment-polling-app/authentication-service/pkg/errors.go:79.31,81.3 1 1
github.com/EmilioCliff/payment-polling-app/authentication-service/pkg/errors.go:82.2,82.26 1 1
github.com/EmilioCliff/payment-polling-app/authentication-service/pkg/errors.go:86.69,91.2 1 1
github.com/EmilioCliff/payment-polling-app/authentication-service/pkg/password.go:9.70,11.16 2 1
github.com/EmilioCliff/payment-polling-app/authentication-service/pkg/password.go:11.16,13.3 1 0
github.com/EmilioCliff/payment-polling-app/authentication-service/pkg/password.go:15.2,15.34 1 1
github.com/EmilioCliff/payment-polling-app/authentication-service/pkg/password.go:18.69,20.2 1 1
github.com/EmilioCliff/payment-polling-app/authentication-service/pkg/token.go:31.82,33.16 2 0
github.com/EmilioCliff/payment-polling-app/authentication-service/pkg/token.go:33.16,35.3 1 0
github.com/EmilioCliff/payment-polling-app/authentication-service/pkg/token.go:37.2,38.16 2 0
github.com/EmilioCliff/payment-polling-app/authentication-service/pkg/token.go:38.16,40.3 1 0
github.com/EmilioCliff/payment-polling-app/authentication-service/pkg/token.go:42.2,43.16 2 0
github.com/EmilioCliff/payment-polling-app/authentication-service/pkg/token.go:43.16,45.3 1 0
github.com/EmilioCliff/payment-polling-app/authentication-service/pkg/token.go:47.2,48.16 2 0
github.com/EmilioCliff/payment-polling-app/authentication-service/pkg/token.go:48.16,50.3 1 0
github.com/EmilioCliff/payment-polling-app/authentication-service/pkg/token.go:52.2,57.19 2 0
github.com/EmilioCliff/payment-polling-app/authentication-service/pkg/token.go:60.93,62.16 2 1
github.com/EmilioCliff/payment-polling-app/authentication-service/pkg/token.go:62.16,64.3 1 0
github.com/EmilioCliff/payment-polling-app/authentication-service/pkg/token.go:66.2,78.19 4 1
github.com/EmilioCliff/payment-polling-app/authentication-service/pkg/token.go:81.68,82.57 1 0
github.com/EmilioCliff/payment-polling-app/authentication-service/pkg/token.go:82.57,84.10 2 0
github.com/EmilioCliff/payment-polling-app/authentication-service/pkg/token.go:84.10,86.4 1 0
github.com/EmilioCliff/payment-polling-app/authentication-service/pkg/token.go:88.3,88.30 1 0
github.com/EmilioCliff/payment-polling-app/authentication-service/pkg/token.go:90.2,91.16 2 0
github.com/EmilioCliff/payment-polling-app/authentication-service/pkg/token.go:91.16,93.3 1 0
github.com/EmilioCliff/payment-polling-app/authentication-service/pkg/token.go:95.2,96.9 2 0
github.com/EmilioCliff/payment-polling-app/authentication-service/pkg/token.go:96.9,98.3 1 0
github.com/EmilioCliff/payment-polling-app/authentication-service/pkg/token.go:100.2,100.50 1 0
github.com/EmilioCliff/payment-polling-app/authentication-service/pkg/token.go:100.50,102.3 1 0
github.com/EmilioCliff/payment-polling-app/authentication-service/pkg/token.go:104.2,104.64 1 0
github.com/EmilioCliff/payment-polling-app/authentication-service/pkg/token.go:104.64,106.3 1 0
github.com/EmilioCliff/payment-polling-app/authentication-service/pkg/token.go:108.2,108.21 1 0
github.com/EmilioCliff/payment-polling-app/authentication-service/internal/postgres/mock/store.go:32.59,36.2 3 0
github.com/EmilioCliff/payment-polling-app/authentication-service/internal/postgres/mock/store.go:39.57,41.2 1 0
github.com/EmilioCliff/payment-polling-app/authentication-service/internal/postgres/mock/store.go:44.113,50.2 5 0
github.com/EmilioCliff/payment-polling-app/authentication-service/internal/postgres/mock/store.go:53.76,56.2 2 0
github.com/EmilioCliff/payment-polling-app/authentication-service/internal/postgres/mock/store.go:59.89,65.2 5 0
github.com/EmilioCliff/payment-polling-app/authentication-service/internal/postgres/mock/store.go:68.73,71.2 2 0
github.com/EmilioCliff/payment-polling-app/authentication-service/internal/postgres/mock/store.go:74.97,80.2 5 0
github.com/EmilioCliff/payment-polling-app/authentication-service/internal/postgres/mock/store.go:83.80,86.2 2 0
github.com/EmilioCliff/payment-polling-app/authentication-service/internal/postgres/generated/db.go:20.28,22.2 1 0
github.com/EmilioCliff/payment-polling-app/authentication-service/internal/postgres/generated/db.go:28.46,32.2 1 0
github.com/EmilioCliff/payment-polling-app/authentication-service/internal/postgres/generated/users.sql.go:31.87,54.2 4 0
github.com/EmilioCliff/payment-polling-app/authentication-service/internal/postgres/generated/users.sql.go:62.72,77.2 4 0
github.com/EmilioCliff/payment-polling-app/authentication-service/internal/postgres/generated/users.sql.go:85.83,100.2 4 0
github.com/EmilioCliff/payment-polling-app/authentication-service/internal/repository/users.go:22.33,23.22 1 0
github.com/EmilioCliff/payment-polling-app/authentication-service/internal/repository/users.go:23.22,25.3 1 0
github.com/EmilioCliff/payment-polling-app/authentication-service/internal/repository/users.go:26.2,26.19 1 0
github.com/EmilioCliff/payment-polling-app/authentication-service/internal/repository/users.go:26.19,28.3 1 0
github.com/EmilioCliff/payment-polling-app/authentication-service/internal/repository/users.go:29.2,29.22 1 0
github.com/EmilioCliff/payment-polling-app/authentication-service/internal/repository/users.go:29.22,31.3 1 0
github.com/EmilioCliff/payment-polling-app/authentication-service/internal/repository/users.go:32.2,32.26 1 0
github.com/EmilioCliff/payment-polling-app/authentication-service/internal/repository/users.go:32.26,34.3 1 0
github.com/EmilioCliff/payment-polling-app/authentication-service/internal/repository/users.go:35.2,35.27 1 0
github.com/EmilioCliff/payment-polling-app/authentication-service/internal/repository/users.go:35.27,37.3 1 0
github.com/EmilioCliff/payment-polling-app/authentication-service/internal/repository/users.go:38.2,38.29 1 0
github.com/EmilioCliff/payment-polling-app/authentication-service/internal/repository/users.go:38.29,40.3 1 0
github.com/EmilioCliff/payment-polling-app/authentication-service/internal/repository/users.go:41.2,41.29 1 0
github.com/EmilioCliff/payment-polling-app/authentication-service/internal/repository/users.go:41.29,43.3 1 0
github.com/EmilioCliff/payment-polling-app/authentication-service/internal/repository/users.go:45.2,45.12 1 0
github.com/EmilioCliff/payment-polling-app/authentication-service/pkg/config.go:27.57,32.44 3 0
github.com/EmilioCliff/payment-polling-app/authentication-service/pkg/config.go:32.44,34.3 1 0
github.com/EmilioCliff/payment-polling-app/authentication-service/pkg/config.go:36.2,38.8 2 0
github.com/EmilioCliff/payment-polling-app/authentication-service/pkg/encryptor.go:11.60,13.16 2 0
github.com/EmilioCliff/payment-polling-app/authentication-service/pkg/encryptor.go:13.16,15.3 1 0
github.com/EmilioCliff/payment-polling-app/authentication-service/pkg/encryptor.go:17.2,19.56 3 0
github.com/EmilioCliff/payment-polling-app/authentication-service/pkg/encryptor.go:19.56,21.3 1 0
github.com/EmilioCliff/payment-polling-app/authentication-service/pkg/encryptor.go:23.2,26.59 3 0
github.com/EmilioCliff/payment-polling-app/authentication-service/pkg/encryptor.go:29.61,31.16 2 0
github.com/EmilioCliff/payment-polling-app/authentication-service/pkg/encryptor.go:31.16,33.3 1 0
github.com/EmilioCliff/payment-polling-app/authentication-service/pkg/encryptor.go:35.2,36.16 2 0
github.com/EmilioCliff/payment-polling-app/authentication-service/pkg/encryptor.go:36.16,38.3 1 0
github.com/EmilioCliff/payment-polling-app/authentication-service/pkg/encryptor.go:40.2,40.42 1 0
github.com/EmilioCliff/payment-polling-app/authentication-service/pkg/encryptor.go:40.42,42.3 1 0
github.com/EmilioCliff/payment-polling-app/authentication-service/pkg/encryptor.go:44.2,50.37 5 0
github.com/EmilioCliff/payment-polling-app/authentication-service/pkg/errors.go:57.32,59.2 1 0
github.com/EmilioCliff/payment-polling-app/authentication-service/pkg/errors.go:63.34,65.16 2 0
github.com/EmilioCliff/payment-polling-app/authentication-service/pkg/errors.go:65.16,67.3 1 0
github.com/EmilioCliff/payment-polling-app/authentication-service/pkg/errors.go:67.8,67.31 1 0
github.com/EmilioCliff/payment-polling-app/authentication-service/pkg/errors.go:67.31,69.3 1 0
github.com/EmilioCliff/payment-polling-app/authentication-service/pkg/errors.go:70.2,70.23 1 0
github.com/EmilioCliff/payment-polling-app/authentication-service/pkg/errors.go:75.37,77.16 2 0
github.com/EmilioCliff/payment-polling-app/authentication-service/pkg/errors.go:77.16,79.3 1 0
github.com/EmilioCliff/payment-polling-app/authentication-service/pkg/errors.go:79.8,79.31 1 0
github.com/EmilioCliff/payment-polling-app/authentication-service/pkg/errors.go:79.31,81.3 1 0
github.com/EmilioCliff/payment-polling-app/authentication-service/pkg/errors.go:82.2,82.26 1 0
github.com/EmilioCliff/payment-polling-app/authentication-service/pkg/errors.go:86.69,91.2 1 0
github.com/EmilioCliff/payment-polling-app/authentication-service/pkg/password.go:9.70,11.16 2 0
github.com/EmilioCliff/payment-polling-app/authentication-service/pkg/password.go:11.16,13.3 1 0
github.com/EmilioCliff/payment-polling-app/authentication-service/pkg/password.go:15.2,15.34 1 0
github.com/EmilioCliff/payment-polling-app/authentication-service/pkg/password.go:18.69,20.2 1 0
github.com/EmilioCliff/payment-polling-app/authentication-service/pkg/token.go:31.82,33.16 2 0
github.com/EmilioCliff/payment-polling-app/authentication-service/pkg/token.go:33.16,35.3 1 0
github.com/EmilioCliff/payment-polling-app/authentication-service/pkg/token.go:37.2,38.16 2 0
github.com/EmilioCliff/payment-polling-app/authentication-service/pkg/token.go:38.16,40.3 1 0
github.com/EmilioCliff/payment-polling-app/authentication-service/pkg/token.go:42.2,43.16 2 0
github.com/EmilioCliff/payment-polling-app/authentication-service/pkg/token.go:43.16,45.3 1 0
github.com/EmilioCliff/payment-polling-app/authentication-service/pkg/token.go:47.2,48.16 2 0
github.com/EmilioCliff/payment-polling-app/authentication-service/pkg/token.go:48.16,50.3 1 0
github.com/EmilioCliff/payment-polling-app/authentication-service/pkg/token.go:52.2,57.19 2 0
github.com/EmilioCliff/payment-polling-app/authentication-service/pkg/token.go:60.93,62.16 2 0
github.com/EmilioCliff/payment-polling-app/authentication-service/pkg/token.go:62.16,64.3 1 0
github.com/EmilioCliff/payment-polling-app/authentication-service/pkg/token.go:66.2,78.19 4 0
github.com/EmilioCliff/payment-polling-app/authentication-service/pkg/token.go:81.68,82.57 1 0
github.com/EmilioCliff/payment-polling-app/authentication-service/pkg/token.go:82.57,84.10 2 0
github.com/EmilioCliff/payment-polling-app/authentication-service/pkg/token.go:84.10,86.4 1 0
github.com/EmilioCliff/payment-polling-app/authentication-service/pkg/token.go:88.3,88.30 1 0
github.com/EmilioCliff/payment-polling-app/authentication-service/pkg/token.go:90.2,91.16 2 0
github.com/EmilioCliff/payment-polling-app/authentication-service/pkg/token.go:91.16,93.3 1 0
github.com/EmilioCliff/payment-polling-app/authentication-service/pkg/token.go:95.2,96.9 2 0
github.com/EmilioCliff/payment-polling-app/authentication-service/pkg/token.go:96.9,98.3 1 0
github.com/EmilioCliff/payment-polling-app/authentication-service/pkg/token.go:100.2,100.50 1 0
github.com/EmilioCliff/payment-polling-app/authentication-service/pkg/token.go:100.50,102.3 1 0
github.com/EmilioCliff/payment-polling-app/authentication-service/pkg/token.go:104.2,104.64 1 0
github.com/EmilioCliff/payment-polling-app/authentication-service/pkg/token.go:104.64,106.3 1 0
github.com/EmilioCliff/payment-polling-app/authentication-service/pkg/token.go:108.2,108.21 1 0
github.com/EmilioCliff/payment-polling-app/authentication-service/internal/postgres/postgres.go:20.61,25.2 1 1
github.com/EmilioCliff/payment-polling-app/authentication-service/internal/postgres/postgres.go:27.31,28.27 1 0
github.com/EmilioCliff/payment-polling-app/authentication-service/internal/postgres/postgres.go:28.27,30.3 1 0
github.com/EmilioCliff/payment-polling-app/authentication-service/internal/postgres/postgres.go:32.2,33.16 2 0
github.com/EmilioCliff/payment-polling-app/authentication-service/internal/postgres/postgres.go:33.16,35.3 1 0
github.com/EmilioCliff/payment-polling-app/authentication-service/internal/postgres/postgres.go:37.2,38.16 2 0
github.com/EmilioCliff/payment-polling-app/authentication-service/internal/postgres/postgres.go:38.16,40.3 1 0
github.com/EmilioCliff/payment-polling-app/authentication-service/internal/postgres/postgres.go:42.2,44.20 2 0
github.com/EmilioCliff/payment-polling-app/authentication-service/internal/postgres/postgres.go:47.33,48.35 1 0
github.com/EmilioCliff/payment-polling-app/authentication-service/internal/postgres/postgres.go:48.35,50.3 1 0
github.com/EmilioCliff/payment-polling-app/authentication-service/internal/postgres/postgres.go:52.2,53.16 2 0
github.com/EmilioCliff/payment-polling-app/authentication-service/internal/postgres/postgres.go:53.16,55.3 1 0
github.com/EmilioCliff/payment-polling-app/authentication-service/internal/postgres/postgres.go:57.2,57.69 1 0
github.com/EmilioCliff/payment-polling-app/authentication-service/internal/postgres/postgres.go:57.69,59.3 1 0
github.com/EmilioCliff/payment-polling-app/authentication-service/internal/postgres/postgres.go:61.2,61.12 1 0
github.com/EmilioCliff/payment-polling-app/authentication-service/internal/postgres/users.go:20.48,27.2 2 1
github.com/EmilioCliff/payment-polling-app/authentication-service/internal/postgres/users.go:29.103,31.16 2 1
github.com/EmilioCliff/payment-polling-app/authentication-service/internal/postgres/users.go:31.16,33.3 1 1
github.com/EmilioCliff/payment-polling-app/authentication-service/internal/postgres/users.go:35.2,36.16 2 1
github.com/EmilioCliff/payment-polling-app/authentication-service/internal/postgres/users.go:36.16,38.3 1 0
github.com/EmilioCliff/payment-polling-app/authentication-service/internal/postgres/users.go:40.2,41.16 2 1
github.com/EmilioCliff/payment-polling-app/authentication-service/internal/postgres/users.go:41.16,43.3 1 0
github.com/EmilioCliff/payment-polling-app/authentication-service/internal/postgres/users.go:45.2,46.16 2 1
github.com/EmilioCliff/payment-polling-app/authentication-service/internal/postgres/users.go:46.16,48.3 1 0
github.com/EmilioCliff/payment-polling-app/authentication-service/internal/postgres/users.go:50.2,59.16 2 1
github.com/EmilioCliff/payment-polling-app/authentication-service/internal/postgres/users.go:59.16,60.39 1 1
github.com/EmilioCliff/payment-polling-app/authentication-service/internal/postgres/users.go:60.39,61.29 1 1
github.com/EmilioCliff/payment-polling-app/authentication-service/internal/postgres/users.go:62.28,63.97 1 1
github.com/EmilioCliff/payment-polling-app/authentication-service/internal/postgres/users.go:67.9,67.83 1 1
github.com/EmilioCliff/payment-polling-app/authentication-service/internal/postgres/users.go:70.2,74.8 1 1
github.com/EmilioCliff/payment-polling-app/authentication-service/internal/postgres/users.go:77.95,79.16 2 1
github.com/EmilioCliff/payment-polling-app/authentication-service/internal/postgres/users.go:79.16,80.27 1 1
github.com/EmilioCliff/payment-polling-app/authentication-service/internal/postgres/users.go:80.27,82.4 1 1
github.com/EmilioCliff/payment-polling-app/authentication-service/internal/postgres/users.go:83.3,83.75 1 1
github.com/EmilioCliff/payment-polling-app/authentication-service/internal/postgres/users.go:86.2,96.8 1 1
github.com/EmilioCliff/payment-polling-app/authentication-service/internal/postgres/users.go:99.95,101.16 2 1
github.com/EmilioCliff/payment-polling-app/authentication-service/internal/postgres/users.go:101.16,102.27 1 1
github.com/EmilioCliff/payment-polling-app/authentication-service/internal/postgres/users.go:102.27,104.4 1 1
github.com/EmilioCliff/payment-polling-app/authentication-service/internal/postgres/users.go:105.3,105.76 1 1
github.com/EmilioCliff/payment-polling-app/authentication-service/internal/postgres/users.go:108.2,118.8 1 1
github.com/EmilioCliff/payment-polling-app/authentication-service/internal/postgres/generated/db.go:20.28,22.2 1 1
github.com/EmilioCliff/payment-polling-app/authentication-service/internal/postgres/generated/db.go:28.46,32.2 1 0
github.com/EmilioCliff/payment-polling-app/authentication-service/internal/postgres/generated/users.sql.go:31.87,54.2 4 0
github.com/EmilioCliff/payment-polling-app/authentication-service/internal/postgres/generated/users.sql.go:62.72,77.2 4 0
github.com/EmilioCliff/payment-polling-app/authentication-service/internal/postgres/generated/users.sql.go:85.83,100.2 4 0
github.com/EmilioCliff/payment-polling-app/authentication-service/internal/postgres/mock/store.go:32.59,36.2 3 1
github.com/EmilioCliff/payment-polling-app/authentication-service/internal/postgres/mock/store.go:39.57,41.2 1 1
github.com/EmilioCliff/payment-polling-app/authentication-service/internal/postgres/mock/store.go:44.113,50.2 5 1
github.com/EmilioCliff/payment-polling-app/authentication-service/internal/postgres/mock/store.go:53.76,56.2 2 1
github.com/EmilioCliff/payment-polling-app/authentication-service/internal/postgres/mock/store.go:59.89,65.2 5 1
github.com/EmilioCliff/payment-polling-app/authentication-service/internal/postgres/mock/store.go:68.73,71.2 2 1
github.com/EmilioCliff/payment-polling-app/authentication-service/internal/postgres/mock/store.go:74.97,80.2 5 1
github.com/EmilioCliff/payment-polling-app/authentication-service/internal/postgres/mock/store.go:83.80,86.2 2 1
github.com/EmilioCliff/payment-polling-app/authentication-service/internal/repository/users.go:22.33,23.22 1 1
github.com/EmilioCliff/payment-polling-app/authentication-service/internal/repository/users.go:23.22,25.3 1 1
github.com/EmilioCliff/payment-polling-app/authentication-service/internal/repository/users.go:26.2,26.19 1 1
github.com/EmilioCliff/payment-polling-app/authentication-service/internal/repository/users.go:26.19,28.3 1 0
github.com/EmilioCliff/payment-polling-app/authentication-service/internal/repository/users.go:29.2,29.22 1 1
github.com/EmilioCliff/payment-polling-app/authentication-service/internal/repository/users.go:29.22,31.3 1 0
github.com/EmilioCliff/payment-polling-app/authentication-service/internal/repository/users.go:32.2,32.26 1 1
github.com/EmilioCliff/payment-polling-app/authentication-service/internal/repository/users.go:32.26,34.3 1 0
github.com/EmilioCliff/payment-polling-app/authentication-service/internal/repository/users.go:35.2,35.27 1 1
github.com/EmilioCliff/payment-polling-app/authentication-service/internal/repository/users.go:35.27,37.3 1 0
github.com/EmilioCliff/payment-polling-app/authentication-service/internal/repository/users.go:38.2,38.29 1 1
github.com/EmilioCliff/payment-polling-app/authentication-service/internal/repository/users.go:38.29,40.3 1 0
github.com/EmilioCliff/payment-polling-app/authentication-service/internal/repository/users.go:41.2,41.29 1 1
github.com/EmilioCliff/payment-polling-app/authentication-service/internal/repository/users.go:41.29,43.3 1 0
github.com/EmilioCliff/payment-polling-app/authentication-service/internal/repository/users.go:45.2,45.12 1 1
github.com/EmilioCliff/payment-polling-app/authentication-service/pkg/config.go:27.57,32.44 3 0
github.com/EmilioCliff/payment-polling-app/authentication-service/pkg/config.go:32.44,34.3 1 0
github.com/EmilioCliff/payment-polling-app/authentication-service/pkg/config.go:36.2,38.8 2 0
github.com/EmilioCliff/payment-polling-app/authentication-service/pkg/encryptor.go:11.60,13.16 2 1
github.com/EmilioCliff/payment-polling-app/authentication-service/pkg/encryptor.go:13.16,15.3 1 0
github.com/EmilioCliff/payment-polling-app/authentication-service/pkg/encryptor.go:17.2,19.56 3 1
github.com/EmilioCliff/payment-polling-app/authentication-service/pkg/encryptor.go:19.56,21.3 1 0
github.com/EmilioCliff/payment-polling-app/authentication-service/pkg/encryptor.go:23.2,26.59 3 1
github.com/EmilioCliff/payment-polling-app/authentication-service/pkg/encryptor.go:29.61,31.16 2 0
github.com/EmilioCliff/payment-polling-app/authentication-service/pkg/encryptor.go:31.16,33.3 1 0
github.com/EmilioCliff/payment-polling-app/authentication-service/pkg/encryptor.go:35.2,36.16 2 0
github.com/EmilioCliff/payment-polling-app/authentication-service/pkg/encryptor.go:36.16,38.3 1 0
github.com/EmilioCliff/payment-polling-app/authentication-service/pkg/encryptor.go:40.2,40.42 1 0
github.com/EmilioCliff/payment-polling-app/authentication-service/pkg/encryptor.go:40.42,42.3 1 0
github.com/EmilioCliff/payment-polling-app/authentication-service/pkg/encryptor.go:44.2,50.37 5 0
github.com/EmilioCliff/payment-polling-app/authentication-service/pkg/errors.go:57.32,59.2 1 0
github.com/EmilioCliff/payment-polling-app/authentication-service/pkg/errors.go:63.34,65.16 2 0
github.com/EmilioCliff/payment-polling-app/authentication-service/pkg/errors.go:65.16,67.3 1 0
github.com/EmilioCliff/payment-polling-app/authentication-service/pkg/errors.go:67.8,67.31 1 0
github.com/EmilioCliff/payment-polling-app/authentication-service/pkg/errors.go:67.31,69.3 1 0
github.com/EmilioCliff/payment-polling-app/authentication-service/pkg/errors.go:70.2,70.23 1 0
github.com/EmilioCliff/payment-polling-app/authentication-service/pkg/errors.go:75.37,77.16 2 0
github.com/EmilioCliff/payment-polling-app/authentication-service/pkg/errors.go:77.16,79.3 1 0
github.com/EmilioCliff/payment-polling-app/authentication-service/pkg/errors.go:79.8,79.31 1 0
github.com/EmilioCliff/payment-polling-app/authentication-service/pkg/errors.go:79.31,81.3 1 0
github.com/EmilioCliff/payment-polling-app/authentication-service/pkg/errors.go:82.2,82.26 1 0
github.com/EmilioCliff/payment-polling-app/authentication-service/pkg/errors.go:86.69,91.2 1 1
github.com/EmilioCliff/payment-polling-app/authentication-service/pkg/password.go:9.70,11.16 2 1
github.com/EmilioCliff/payment-polling-app/authentication-service/pkg/password.go:11.16,13.3 1 0
github.com/EmilioCliff/payment-polling-app/authentication-service/pkg/password.go:15.2,15.34 1 1
github.com/EmilioCliff/payment-polling-app/authentication-service/pkg/password.go:18.69,20.2 1 0
github.com/EmilioCliff/payment-polling-app/authentication-service/pkg/token.go:31.82,33.16 2 0
github.com/EmilioCliff/payment-polling-app/authentication-service/pkg/token.go:33.16,35.3 1 0
github.com/EmilioCliff/payment-polling-app/authentication-service/pkg/token.go:37.2,38.16 2 0
github.com/EmilioCliff/payment-polling-app/authentication-service/pkg/token.go:38.16,40.3 1 0
github.com/EmilioCliff/payment-polling-app/authentication-service/pkg/token.go:42.2,43.16 2 0
github.com/EmilioCliff/payment-polling-app/authentication-service/pkg/token.go:43.16,45.3 1 0
github.com/EmilioCliff/payment-polling-app/authentication-service/pkg/token.go:47.2,48.16 2 0
github.com/EmilioCliff/payment-polling-app/authentication-service/pkg/token.go:48.16,50.3 1 0
github.com/EmilioCliff/payment-polling-app/authentication-service/pkg/token.go:52.2,57.19 2 0
github.com/EmilioCliff/payment-polling-app/authentication-service/pkg/token.go:60.93,62.16 2 0
github.com/EmilioCliff/payment-polling-app/authentication-service/pkg/token.go:62.16,64.3 1 0
github.com/EmilioCliff/payment-polling-app/authentication-service/pkg/token.go:66.2,78.19 4 0
github.com/EmilioCliff/payment-polling-app/authentication-service/pkg/token.go:81.68,82.57 1 0
github.com/EmilioCliff/payment-polling-app/authentication-service/pkg/token.go:82.57,84.10 2 0
github.com/EmilioCliff/payment-polling-app/authentication-service/pkg/token.go:84.10,86.4 1 0
github.com/EmilioCliff/payment-polling-app/authentication-service/pkg/token.go:88.3,88.30 1 0
github.com/EmilioCliff/payment-polling-app/authentication-service/pkg/token.go:90.2,91.16 2 0
github.com/EmilioCliff/payment-polling-app/authentication-service/pkg/token.go:91.16,93.3 1 0
github.com/EmilioCliff/payment-polling-app/authentication-service/pkg/token.go:95.2,96.9 2 0
github.com/EmilioCliff/payment-polling-app/authentication-service/pkg/token.go:96.9,98.3 1 0
github.com/EmilioCliff/payment-polling-app/authentication-service/pkg/token.go:100.2,100.50 1 0
github.com/EmilioCliff/payment-polling-app/authentication-service/pkg/token.go:100.50,102.3 1 0
github.com/EmilioCliff/payment-polling-app/authentication-service/pkg/token.go:104.2,104.64 1 0
github.com/EmilioCliff/payment-polling-app/authentication-service/pkg/token.go:104.64,106.3 1 0
github.com/EmilioCliff/payment-polling-app/authentication-service/pkg/token.go:108.2,108.21 1 0
github.com/EmilioCliff/payment-polling-app/authentication-service/utils/config.go:26.57,31.44 3 0
github.com/EmilioCliff/payment-polling-app/authentication-service/utils/config.go:31.44,33.3 1 0
github.com/EmilioCliff/payment-polling-app/authentication-service/utils/config.go:35.2,37.8 2 0
github.com/EmilioCliff/payment-polling-app/authentication-service/utils/encryptor.go:11.60,13.16 2 0
github.com/EmilioCliff/payment-polling-app/authentication-service/utils/encryptor.go:13.16,15.3 1 0
github.com/EmilioCliff/payment-polling-app/authentication-service/utils/encryptor.go:17.2,19.56 3 0
github.com/EmilioCliff/payment-polling-app/authentication-service/utils/encryptor.go:19.56,21.3 1 0
github.com/EmilioCliff/payment-polling-app/authentication-service/utils/encryptor.go:23.2,26.59 3 0
github.com/EmilioCliff/payment-polling-app/authentication-service/utils/encryptor.go:29.61,31.16 2 0
github.com/EmilioCliff/payment-polling-app/authentication-service/utils/encryptor.go:31.16,33.3 1 0
github.com/EmilioCliff/payment-polling-app/authentication-service/utils/encryptor.go:35.2,36.16 2 0
github.com/EmilioCliff/payment-polling-app/authentication-service/utils/encryptor.go:36.16,38.3 1 0
github.com/EmilioCliff/payment-polling-app/authentication-service/utils/encryptor.go:40.2,40.42 1 0
github.com/EmilioCliff/payment-polling-app/authentication-service/utils/encryptor.go:40.42,42.3 1 0
github.com/EmilioCliff/payment-polling-app/authentication-service/utils/encryptor.go:44.2,50.37 5 0
github.com/EmilioCliff/payment-polling-app/authentication-service/utils/password.go:9.70,11.16 2 0
github.com/EmilioCliff/payment-polling-app/authentication-service/utils/password.go:11.16,13.3 1 0
github.com/EmilioCliff/payment-polling-app/authentication-service/utils/password.go:15.2,15.34 1 0
github.com/EmilioCliff/payment-polling-app/authentication-service/utils/password.go:18.69,20.2 1 0
github.com/EmilioCliff/payment-polling-app/authentication-service/utils/token.go:37.82,39.16 2 0
github.com/EmilioCliff/payment-polling-app/authentication-service/utils/token.go:39.16,41.3 1 0
github.com/EmilioCliff/payment-polling-app/authentication-service/utils/token.go:43.2,44.16 2 0
github.com/EmilioCliff/payment-polling-app/authentication-service/utils/token.go:44.16,46.3 1 0
github.com/EmilioCliff/payment-polling-app/authentication-service/utils/token.go:48.2,49.16 2 0
github.com/EmilioCliff/payment-polling-app/authentication-service/utils/token.go:49.16,51.3 1 0
github.com/EmilioCliff/payment-polling-app/authentication-service/utils/token.go:53.2,54.16 2 0
github.com/EmilioCliff/payment-polling-app/authentication-service/utils/token.go:54.16,56.3 1 0
github.com/EmilioCliff/payment-polling-app/authentication-service/utils/token.go:58.2,63.19 2 0
github.com/EmilioCliff/payment-polling-app/authentication-service/utils/token.go:75.93,77.16 2 0
github.com/EmilioCliff/payment-polling-app/authentication-service/utils/token.go:77.16,79.3 1 0
github.com/EmilioCliff/payment-polling-app/authentication-service/utils/token.go:81.2,93.19 4 0
github.com/EmilioCliff/payment-polling-app/authentication-service/utils/token.go:104.68,105.57 1 0
github.com/EmilioCliff/payment-polling-app/authentication-service/utils/token.go:105.57,107.10 2 0
github.com/EmilioCliff/payment-polling-app/authentication-service/utils/token.go:107.10,109.4 1 0
github.com/EmilioCliff/payment-polling-app/authentication-service/utils/token.go:111.3,111.30 1 0
github.com/EmilioCliff/payment-polling-app/authentication-service/utils/token.go:113.2,114.16 2 0
github.com/EmilioCliff/payment-polling-app/authentication-service/utils/token.go:114.16,116.3 1 0
github.com/EmilioCliff/payment-polling-app/authentication-service/utils/token.go:118.2,119.9 2 0
github.com/EmilioCliff/payment-polling-app/authentication-service/utils/token.go:119.9,121.3 1 0
github.com/EmilioCliff/payment-polling-app/authentication-service/utils/token.go:123.2,123.50 1 0
github.com/EmilioCliff/payment-polling-app/authentication-service/utils/token.go:123.50,125.3 1 0
github.com/EmilioCliff/payment-polling-app/authentication-service/utils/token.go:127.2,127.64 1 0
github.com/EmilioCliff/payment-polling-app/authentication-service/utils/token.go:127.64,129.3 1 0
github.com/EmilioCliff/payment-polling-app/authentication-service/utils/token.go:131.2,131.21 1 0
