mode: atomic
github.com/EmilioCliff/payment-polling-app/authentication-service/cmd/server/main.go:13.13,15.16 2 0
github.com/EmilioCliff/payment-polling-app/authentication-service/cmd/server/main.go:15.16,17.3 1 0
github.com/EmilioCliff/payment-polling-app/authentication-service/cmd/server/main.go:19.2,20.16 2 0
github.com/EmilioCliff/payment-polling-app/authentication-service/cmd/server/main.go:20.16,22.3 1 0
github.com/EmilioCliff/payment-polling-app/authentication-service/cmd/server/main.go:24.2,28.16 3 0
github.com/EmilioCliff/payment-polling-app/authentication-service/cmd/server/main.go:28.16,30.3 1 0
github.com/EmilioCliff/payment-polling-app/authentication-service/cmd/server/main.go:33.2,42.52 6 0
github.com/EmilioCliff/payment-polling-app/authentication-service/cmd/server/main.go:42.52,44.3 1 0
github.com/EmilioCliff/payment-polling-app/authentication-service/cmd/server/main.go:46.2,49.12 3 0
github.com/EmilioCliff/payment-polling-app/authentication-service/cmd/server/main.go:49.12,52.59 2 0
github.com/EmilioCliff/payment-polling-app/authentication-service/cmd/server/main.go:52.59,54.4 1 0
github.com/EmilioCliff/payment-polling-app/authentication-service/cmd/server/main.go:57.2,57.12 1 0
github.com/EmilioCliff/payment-polling-app/authentication-service/cmd/server/main.go:57.12,64.18 2 0
github.com/EmilioCliff/payment-polling-app/authentication-service/cmd/server/main.go:64.18,66.4 1 0
github.com/EmilioCliff/payment-polling-app/authentication-service/cmd/server/main.go:69.2,72.16 3 0
github.com/EmilioCliff/payment-polling-app/authentication-service/cmd/server/main.go:72.16,74.3 1 0
github.com/EmilioCliff/payment-polling-app/authentication-service/internal/mock/users.go:17.97,19.2 1 0
github.com/EmilioCliff/payment-polling-app/authentication-service/internal/mock/users.go:21.108,23.2 1 0
github.com/EmilioCliff/payment-polling-app/authentication-service/internal/mock/users.go:25.97,27.2 1 0
github.com/EmilioCliff/payment-polling-app/authentication-service/internal/postgres/postgres.go:19.41,23.2 1 3
github.com/EmilioCliff/payment-polling-app/authentication-service/internal/postgres/postgres.go:25.31,26.27 1 0
github.com/EmilioCliff/payment-polling-app/authentication-service/internal/postgres/postgres.go:26.27,28.3 1 0
github.com/EmilioCliff/payment-polling-app/authentication-service/internal/postgres/postgres.go:30.2,31.16 2 0
github.com/EmilioCliff/payment-polling-app/authentication-service/internal/postgres/postgres.go:31.16,33.3 1 0
github.com/EmilioCliff/payment-polling-app/authentication-service/internal/postgres/postgres.go:35.2,36.16 2 0
github.com/EmilioCliff/payment-polling-app/authentication-service/internal/postgres/postgres.go:36.16,38.3 1 0
github.com/EmilioCliff/payment-polling-app/authentication-service/internal/postgres/postgres.go:40.2,42.20 2 0
github.com/EmilioCliff/payment-polling-app/authentication-service/internal/postgres/postgres.go:45.33,46.35 1 0
github.com/EmilioCliff/payment-polling-app/authentication-service/internal/postgres/postgres.go:46.35,48.3 1 0
github.com/EmilioCliff/payment-polling-app/authentication-service/internal/postgres/postgres.go:50.2,51.16 2 0
github.com/EmilioCliff/payment-polling-app/authentication-service/internal/postgres/postgres.go:51.16,53.3 1 0
github.com/EmilioCliff/payment-polling-app/authentication-service/internal/postgres/postgres.go:55.2,55.69 1 0
github.com/EmilioCliff/payment-polling-app/authentication-service/internal/postgres/postgres.go:55.69,57.3 1 0
github.com/EmilioCliff/payment-polling-app/authentication-service/internal/postgres/postgres.go:59.2,59.12 1 0
github.com/EmilioCliff/payment-polling-app/authentication-service/internal/postgres/users.go:20.48,27.2 2 3
github.com/EmilioCliff/payment-polling-app/authentication-service/internal/postgres/users.go:29.103,31.16 2 4
github.com/EmilioCliff/payment-polling-app/authentication-service/internal/postgres/users.go:31.16,33.3 1 1
github.com/EmilioCliff/payment-polling-app/authentication-service/internal/postgres/users.go:35.2,36.16 2 3
github.com/EmilioCliff/payment-polling-app/authentication-service/internal/postgres/users.go:36.16,38.3 1 0
github.com/EmilioCliff/payment-polling-app/authentication-service/internal/postgres/users.go:40.2,41.16 2 3
github.com/EmilioCliff/payment-polling-app/authentication-service/internal/postgres/users.go:41.16,43.3 1 0
github.com/EmilioCliff/payment-polling-app/authentication-service/internal/postgres/users.go:45.2,46.16 2 3
github.com/EmilioCliff/payment-polling-app/authentication-service/internal/postgres/users.go:46.16,48.3 1 0
github.com/EmilioCliff/payment-polling-app/authentication-service/internal/postgres/users.go:50.2,59.16 2 3
github.com/EmilioCliff/payment-polling-app/authentication-service/internal/postgres/users.go:59.16,60.39 1 2
github.com/EmilioCliff/payment-polling-app/authentication-service/internal/postgres/users.go:60.39,61.47 1 1
github.com/EmilioCliff/payment-polling-app/authentication-service/internal/postgres/users.go:61.47,63.5 1 1
github.com/EmilioCliff/payment-polling-app/authentication-service/internal/postgres/users.go:66.3,66.77 1 1
github.com/EmilioCliff/payment-polling-app/authentication-service/internal/postgres/users.go:69.2,73.8 1 1
github.com/EmilioCliff/payment-polling-app/authentication-service/internal/postgres/users.go:76.95,78.16 2 3
github.com/EmilioCliff/payment-polling-app/authentication-service/internal/postgres/users.go:78.16,79.27 1 2
github.com/EmilioCliff/payment-polling-app/authentication-service/internal/postgres/users.go:79.27,81.4 1 1
github.com/EmilioCliff/payment-polling-app/authentication-service/internal/postgres/users.go:83.3,83.76 1 1
github.com/EmilioCliff/payment-polling-app/authentication-service/internal/postgres/users.go:86.2,96.8 1 1
github.com/EmilioCliff/payment-polling-app/authentication-service/internal/postgres/users.go:99.95,101.16 2 3
github.com/EmilioCliff/payment-polling-app/authentication-service/internal/postgres/users.go:101.16,102.27 1 2
github.com/EmilioCliff/payment-polling-app/authentication-service/internal/postgres/users.go:102.27,104.4 1 1
github.com/EmilioCliff/payment-polling-app/authentication-service/internal/postgres/users.go:106.3,106.77 1 1
github.com/EmilioCliff/payment-polling-app/authentication-service/internal/postgres/users.go:109.2,119.8 1 1
github.com/EmilioCliff/payment-polling-app/authentication-service/internal/postgres/generated/db.go:20.28,22.2 1 3
github.com/EmilioCliff/payment-polling-app/authentication-service/internal/postgres/generated/db.go:28.46,32.2 1 0
github.com/EmilioCliff/payment-polling-app/authentication-service/internal/postgres/generated/users.sql.go:31.87,54.2 4 0
github.com/EmilioCliff/payment-polling-app/authentication-service/internal/postgres/generated/users.sql.go:62.72,77.2 4 0
github.com/EmilioCliff/payment-polling-app/authentication-service/internal/postgres/generated/users.sql.go:85.83,100.2 4 0
github.com/EmilioCliff/payment-polling-app/authentication-service/internal/postgres/mock/store.go:32.59,36.2 3 3
github.com/EmilioCliff/payment-polling-app/authentication-service/internal/postgres/mock/store.go:39.57,41.2 1 10
github.com/EmilioCliff/payment-polling-app/authentication-service/internal/postgres/mock/store.go:44.113,50.2 5 3
github.com/EmilioCliff/payment-polling-app/authentication-service/internal/postgres/mock/store.go:53.76,56.2 2 4
github.com/EmilioCliff/payment-polling-app/authentication-service/internal/postgres/mock/store.go:59.89,65.2 5 3
github.com/EmilioCliff/payment-polling-app/authentication-service/internal/postgres/mock/store.go:68.73,71.2 2 3
github.com/EmilioCliff/payment-polling-app/authentication-service/internal/postgres/mock/store.go:74.97,80.2 5 3
github.com/EmilioCliff/payment-polling-app/authentication-service/internal/postgres/mock/store.go:83.80,86.2 2 3
github.com/EmilioCliff/payment-polling-app/authentication-service/internal/repository/users.go:22.33,23.22 1 4
github.com/EmilioCliff/payment-polling-app/authentication-service/internal/repository/users.go:23.22,25.3 1 1
github.com/EmilioCliff/payment-polling-app/authentication-service/internal/repository/users.go:26.2,26.19 1 3
github.com/EmilioCliff/payment-polling-app/authentication-service/internal/repository/users.go:26.19,28.3 1 0
github.com/EmilioCliff/payment-polling-app/authentication-service/internal/repository/users.go:29.2,29.22 1 3
github.com/EmilioCliff/payment-polling-app/authentication-service/internal/repository/users.go:29.22,31.3 1 0
github.com/EmilioCliff/payment-polling-app/authentication-service/internal/repository/users.go:32.2,32.26 1 3
github.com/EmilioCliff/payment-polling-app/authentication-service/internal/repository/users.go:32.26,34.3 1 0
github.com/EmilioCliff/payment-polling-app/authentication-service/internal/repository/users.go:35.2,35.27 1 3
github.com/EmilioCliff/payment-polling-app/authentication-service/internal/repository/users.go:35.27,37.3 1 0
github.com/EmilioCliff/payment-polling-app/authentication-service/internal/repository/users.go:38.2,38.29 1 3
github.com/EmilioCliff/payment-polling-app/authentication-service/internal/repository/users.go:38.29,40.3 1 0
github.com/EmilioCliff/payment-polling-app/authentication-service/internal/repository/users.go:41.2,41.29 1 3
github.com/EmilioCliff/payment-polling-app/authentication-service/internal/repository/users.go:41.29,43.3 1 0
github.com/EmilioCliff/payment-polling-app/authentication-service/internal/repository/users.go:45.2,45.12 1 3
github.com/EmilioCliff/payment-polling-app/authentication-service/internal/postgres/generated/db.go:20.28,22.2 1 0
github.com/EmilioCliff/payment-polling-app/authentication-service/internal/postgres/generated/db.go:28.46,32.2 1 0
github.com/EmilioCliff/payment-polling-app/authentication-service/internal/postgres/generated/users.sql.go:31.87,54.2 4 0
github.com/EmilioCliff/payment-polling-app/authentication-service/internal/postgres/generated/users.sql.go:62.72,77.2 4 0
github.com/EmilioCliff/payment-polling-app/authentication-service/internal/postgres/generated/users.sql.go:85.83,100.2 4 0
github.com/EmilioCliff/payment-polling-app/authentication-service/internal/postgres/mock/store.go:32.59,36.2 3 0
github.com/EmilioCliff/payment-polling-app/authentication-service/internal/postgres/mock/store.go:39.57,41.2 1 0
github.com/EmilioCliff/payment-polling-app/authentication-service/internal/postgres/mock/store.go:44.113,50.2 5 0
github.com/EmilioCliff/payment-polling-app/authentication-service/internal/postgres/mock/store.go:53.76,56.2 2 0
github.com/EmilioCliff/payment-polling-app/authentication-service/internal/postgres/mock/store.go:59.89,65.2 5 0
github.com/EmilioCliff/payment-polling-app/authentication-service/internal/postgres/mock/store.go:68.73,71.2 2 0
github.com/EmilioCliff/payment-polling-app/authentication-service/internal/postgres/mock/store.go:74.97,80.2 5 0
github.com/EmilioCliff/payment-polling-app/authentication-service/internal/postgres/mock/store.go:83.80,86.2 2 0
github.com/EmilioCliff/payment-polling-app/authentication-service/internal/repository/users.go:22.33,23.22 1 0
github.com/EmilioCliff/payment-polling-app/authentication-service/internal/repository/users.go:23.22,25.3 1 0
github.com/EmilioCliff/payment-polling-app/authentication-service/internal/repository/users.go:26.2,26.19 1 0
github.com/EmilioCliff/payment-polling-app/authentication-service/internal/repository/users.go:26.19,28.3 1 0
github.com/EmilioCliff/payment-polling-app/authentication-service/internal/repository/users.go:29.2,29.22 1 0
github.com/EmilioCliff/payment-polling-app/authentication-service/internal/repository/users.go:29.22,31.3 1 0
github.com/EmilioCliff/payment-polling-app/authentication-service/internal/repository/users.go:32.2,32.26 1 0
github.com/EmilioCliff/payment-polling-app/authentication-service/internal/repository/users.go:32.26,34.3 1 0
github.com/EmilioCliff/payment-polling-app/authentication-service/internal/repository/users.go:35.2,35.27 1 0
github.com/EmilioCliff/payment-polling-app/authentication-service/internal/repository/users.go:35.27,37.3 1 0
github.com/EmilioCliff/payment-polling-app/authentication-service/internal/repository/users.go:38.2,38.29 1 0
github.com/EmilioCliff/payment-polling-app/authentication-service/internal/repository/users.go:38.29,40.3 1 0
github.com/EmilioCliff/payment-polling-app/authentication-service/internal/repository/users.go:41.2,41.29 1 0
github.com/EmilioCliff/payment-polling-app/authentication-service/internal/repository/users.go:41.29,43.3 1 0
github.com/EmilioCliff/payment-polling-app/authentication-service/internal/repository/users.go:45.2,45.12 1 0
github.com/EmilioCliff/payment-polling-app/authentication-service/internal/handlers/http/server.go:19.76,25.2 3 3
github.com/EmilioCliff/payment-polling-app/authentication-service/internal/handlers/http/server.go:27.34,35.2 5 3
github.com/EmilioCliff/payment-polling-app/authentication-service/internal/handlers/http/server.go:37.58,39.2 1 1
github.com/EmilioCliff/payment-polling-app/authentication-service/internal/handlers/http/server.go:41.36,43.2 1 0
github.com/EmilioCliff/payment-polling-app/authentication-service/internal/handlers/http/users.go:27.59,29.49 2 3
github.com/EmilioCliff/payment-polling-app/authentication-service/internal/handlers/http/users.go:29.49,33.3 2 1
github.com/EmilioCliff/payment-polling-app/authentication-service/internal/handlers/http/users.go:35.2,44.16 2 2
github.com/EmilioCliff/payment-polling-app/authentication-service/internal/handlers/http/users.go:44.16,49.3 3 1
github.com/EmilioCliff/payment-polling-app/authentication-service/internal/handlers/http/users.go:51.2,55.4 1 1
github.com/EmilioCliff/payment-polling-app/authentication-service/internal/handlers/http/users.go:71.56,73.49 2 4
github.com/EmilioCliff/payment-polling-app/authentication-service/internal/handlers/http/users.go:73.49,77.3 2 1
github.com/EmilioCliff/payment-polling-app/authentication-service/internal/handlers/http/users.go:79.2,80.16 2 3
github.com/EmilioCliff/payment-polling-app/authentication-service/internal/handlers/http/users.go:80.16,85.3 3 1
github.com/EmilioCliff/payment-polling-app/authentication-service/internal/handlers/http/users.go:87.2,88.16 2 2
github.com/EmilioCliff/payment-polling-app/authentication-service/internal/handlers/http/users.go:88.16,92.3 2 1
github.com/EmilioCliff/payment-polling-app/authentication-service/internal/handlers/http/users.go:94.2,95.16 2 1
github.com/EmilioCliff/payment-polling-app/authentication-service/internal/handlers/http/users.go:95.16,97.3 1 0
github.com/EmilioCliff/payment-polling-app/authentication-service/internal/handlers/http/users.go:99.2,105.4 1 1
github.com/EmilioCliff/payment-polling-app/authentication-service/internal/handlers/http/users.go:108.38,109.13 1 9
github.com/EmilioCliff/payment-polling-app/authentication-service/internal/handlers/http/users.go:110.32,111.29 1 1
github.com/EmilioCliff/payment-polling-app/authentication-service/internal/handlers/http/users.go:112.26,113.40 1 3
github.com/EmilioCliff/payment-polling-app/authentication-service/internal/handlers/http/users.go:114.25,115.31 1 1
github.com/EmilioCliff/payment-polling-app/authentication-service/internal/handlers/http/users.go:116.27,117.29 1 1
github.com/EmilioCliff/payment-polling-app/authentication-service/internal/handlers/http/users.go:118.33,119.35 1 1
github.com/EmilioCliff/payment-polling-app/authentication-service/internal/handlers/http/users.go:120.32,121.33 1 1
github.com/EmilioCliff/payment-polling-app/authentication-service/internal/handlers/http/users.go:122.10,123.40 1 1
github.com/EmilioCliff/payment-polling-app/authentication-service/internal/mock/users.go:17.97,19.2 1 3
github.com/EmilioCliff/payment-polling-app/authentication-service/internal/mock/users.go:21.108,23.2 1 2
github.com/EmilioCliff/payment-polling-app/authentication-service/internal/mock/users.go:25.97,27.2 1 0
github.com/EmilioCliff/payment-polling-app/authentication-service/internal/postgres/generated/db.go:20.28,22.2 1 0
github.com/EmilioCliff/payment-polling-app/authentication-service/internal/postgres/generated/db.go:28.46,32.2 1 0
github.com/EmilioCliff/payment-polling-app/authentication-service/internal/postgres/generated/users.sql.go:31.87,54.2 4 0
github.com/EmilioCliff/payment-polling-app/authentication-service/internal/postgres/generated/users.sql.go:62.72,77.2 4 0
github.com/EmilioCliff/payment-polling-app/authentication-service/internal/postgres/generated/users.sql.go:85.83,100.2 4 0
github.com/EmilioCliff/payment-polling-app/authentication-service/internal/repository/users.go:22.33,23.22 1 2
github.com/EmilioCliff/payment-polling-app/authentication-service/internal/repository/users.go:23.22,25.3 1 0
github.com/EmilioCliff/payment-polling-app/authentication-service/internal/repository/users.go:26.2,26.19 1 2
github.com/EmilioCliff/payment-polling-app/authentication-service/internal/repository/users.go:26.19,28.3 1 0
github.com/EmilioCliff/payment-polling-app/authentication-service/internal/repository/users.go:29.2,29.22 1 2
github.com/EmilioCliff/payment-polling-app/authentication-service/internal/repository/users.go:29.22,31.3 1 0
github.com/EmilioCliff/payment-polling-app/authentication-service/internal/repository/users.go:32.2,32.26 1 2
github.com/EmilioCliff/payment-polling-app/authentication-service/internal/repository/users.go:32.26,34.3 1 0
github.com/EmilioCliff/payment-polling-app/authentication-service/internal/repository/users.go:35.2,35.27 1 2
github.com/EmilioCliff/payment-polling-app/authentication-service/internal/repository/users.go:35.27,37.3 1 0
github.com/EmilioCliff/payment-polling-app/authentication-service/internal/repository/users.go:38.2,38.29 1 2
github.com/EmilioCliff/payment-polling-app/authentication-service/internal/repository/users.go:38.29,40.3 1 0
github.com/EmilioCliff/payment-polling-app/authentication-service/internal/repository/users.go:41.2,41.29 1 2
github.com/EmilioCliff/payment-polling-app/authentication-service/internal/repository/users.go:41.29,43.3 1 0
github.com/EmilioCliff/payment-polling-app/authentication-service/internal/repository/users.go:45.2,45.12 1 2
github.com/EmilioCliff/payment-polling-app/authentication-service/internal/handlers/rabbitmq/connect.go:23.76,27.2 2 2
github.com/EmilioCliff/payment-polling-app/authentication-service/internal/handlers/rabbitmq/connect.go:34.46,42.6 5 0
github.com/EmilioCliff/payment-polling-app/authentication-service/internal/handlers/rabbitmq/connect.go:42.6,44.17 2 0
github.com/EmilioCliff/payment-polling-app/authentication-service/internal/handlers/rabbitmq/connect.go:44.17,47.26 2 0
github.com/EmilioCliff/payment-polling-app/authentication-service/internal/handlers/rabbitmq/connect.go:47.26,49.5 1 0
github.com/EmilioCliff/payment-polling-app/authentication-service/internal/handlers/rabbitmq/connect.go:51.4,55.12 4 0
github.com/EmilioCliff/payment-polling-app/authentication-service/internal/handlers/rabbitmq/connect.go:58.3,60.8 2 0
github.com/EmilioCliff/payment-polling-app/authentication-service/internal/handlers/rabbitmq/connect.go:63.2,65.12 2 0
github.com/EmilioCliff/payment-polling-app/authentication-service/internal/handlers/rabbitmq/connect.go:68.57,70.16 2 0
github.com/EmilioCliff/payment-polling-app/authentication-service/internal/handlers/rabbitmq/connect.go:70.16,72.3 1 0
github.com/EmilioCliff/payment-polling-app/authentication-service/internal/handlers/rabbitmq/connect.go:73.2,83.16 3 0
github.com/EmilioCliff/payment-polling-app/authentication-service/internal/handlers/rabbitmq/connect.go:83.16,85.3 1 0
github.com/EmilioCliff/payment-polling-app/authentication-service/internal/handlers/rabbitmq/connect.go:87.2,87.31 1 0
github.com/EmilioCliff/payment-polling-app/authentication-service/internal/handlers/rabbitmq/connect.go:87.31,94.17 1 0
github.com/EmilioCliff/payment-polling-app/authentication-service/internal/handlers/rabbitmq/connect.go:94.17,96.4 1 0
github.com/EmilioCliff/payment-polling-app/authentication-service/internal/handlers/rabbitmq/connect.go:99.2,108.16 2 0
github.com/EmilioCliff/payment-polling-app/authentication-service/internal/handlers/rabbitmq/connect.go:108.16,110.3 1 0
github.com/EmilioCliff/payment-polling-app/authentication-service/internal/handlers/rabbitmq/connect.go:112.2,114.12 2 0
github.com/EmilioCliff/payment-polling-app/authentication-service/internal/handlers/rabbitmq/connect.go:114.12,118.29 3 0
github.com/EmilioCliff/payment-polling-app/authentication-service/internal/handlers/rabbitmq/connect.go:118.29,122.18 3 0
github.com/EmilioCliff/payment-polling-app/authentication-service/internal/handlers/rabbitmq/connect.go:122.18,128.5 3 0
github.com/EmilioCliff/payment-polling-app/authentication-service/internal/handlers/rabbitmq/connect.go:130.4,138.8 6 0
github.com/EmilioCliff/payment-polling-app/authentication-service/internal/handlers/rabbitmq/connect.go:138.8,150.19 2 0
github.com/EmilioCliff/payment-polling-app/authentication-service/internal/handlers/rabbitmq/connect.go:150.19,151.11 1 0
github.com/EmilioCliff/payment-polling-app/authentication-service/internal/handlers/rabbitmq/connect.go:154.5,156.27 2 0
github.com/EmilioCliff/payment-polling-app/authentication-service/internal/handlers/rabbitmq/connect.go:156.27,161.6 2 0
github.com/EmilioCliff/payment-polling-app/authentication-service/internal/handlers/rabbitmq/connect.go:166.2,170.12 3 0
github.com/EmilioCliff/payment-polling-app/authentication-service/internal/handlers/rabbitmq/connect.go:173.61,174.22 1 0
github.com/EmilioCliff/payment-polling-app/authentication-service/internal/handlers/rabbitmq/connect.go:175.23,177.17 2 0
github.com/EmilioCliff/payment-polling-app/authentication-service/internal/handlers/rabbitmq/connect.go:177.17,181.4 1 0
github.com/EmilioCliff/payment-polling-app/authentication-service/internal/handlers/rabbitmq/connect.go:183.3,186.17 3 0
github.com/EmilioCliff/payment-polling-app/authentication-service/internal/handlers/rabbitmq/connect.go:186.17,190.4 1 0
github.com/EmilioCliff/payment-polling-app/authentication-service/internal/handlers/rabbitmq/connect.go:192.3,192.51 1 0
github.com/EmilioCliff/payment-polling-app/authentication-service/internal/handlers/rabbitmq/connect.go:194.20,196.17 2 0
github.com/EmilioCliff/payment-polling-app/authentication-service/internal/handlers/rabbitmq/connect.go:196.17,200.4 1 0
github.com/EmilioCliff/payment-polling-app/authentication-service/internal/handlers/rabbitmq/connect.go:202.3,205.17 3 0
github.com/EmilioCliff/payment-polling-app/authentication-service/internal/handlers/rabbitmq/connect.go:205.17,209.4 1 0
github.com/EmilioCliff/payment-polling-app/authentication-service/internal/handlers/rabbitmq/connect.go:211.3,211.45 1 0
github.com/EmilioCliff/payment-polling-app/authentication-service/internal/handlers/rabbitmq/connect.go:213.10,215.13 1 0
github.com/EmilioCliff/payment-polling-app/authentication-service/internal/handlers/rabbitmq/handler.go:28.73,41.16 4 2
github.com/EmilioCliff/payment-polling-app/authentication-service/internal/handlers/rabbitmq/handler.go:41.16,45.3 1 1
github.com/EmilioCliff/payment-polling-app/authentication-service/internal/handlers/rabbitmq/handler.go:47.2,54.19 3 1
github.com/EmilioCliff/payment-polling-app/authentication-service/internal/handlers/rabbitmq/handler.go:54.19,58.3 1 0
github.com/EmilioCliff/payment-polling-app/authentication-service/internal/handlers/rabbitmq/handler.go:60.2,60.16 1 1
github.com/EmilioCliff/payment-polling-app/authentication-service/internal/handlers/rabbitmq/handler.go:76.67,81.16 4 3
github.com/EmilioCliff/payment-polling-app/authentication-service/internal/handlers/rabbitmq/handler.go:81.16,85.3 1 1
github.com/EmilioCliff/payment-polling-app/authentication-service/internal/handlers/rabbitmq/handler.go:87.2,88.16 2 2
github.com/EmilioCliff/payment-polling-app/authentication-service/internal/handlers/rabbitmq/handler.go:88.16,92.3 1 1
github.com/EmilioCliff/payment-polling-app/authentication-service/internal/handlers/rabbitmq/handler.go:94.2,95.16 2 1
github.com/EmilioCliff/payment-polling-app/authentication-service/internal/handlers/rabbitmq/handler.go:95.16,99.3 1 0
github.com/EmilioCliff/payment-polling-app/authentication-service/internal/handlers/rabbitmq/handler.go:101.2,110.16 3 1
github.com/EmilioCliff/payment-polling-app/authentication-service/internal/handlers/rabbitmq/handler.go:110.16,114.3 1 0
github.com/EmilioCliff/payment-polling-app/authentication-service/internal/handlers/rabbitmq/handler.go:116.2,116.16 1 1
github.com/EmilioCliff/payment-polling-app/authentication-service/internal/handlers/rabbitmq/helpers.go:16.54,23.16 3 3
github.com/EmilioCliff/payment-polling-app/authentication-service/internal/handlers/rabbitmq/helpers.go:23.16,27.3 2 0
github.com/EmilioCliff/payment-polling-app/authentication-service/internal/handlers/rabbitmq/helpers.go:29.2,29.21 1 3
github.com/EmilioCliff/payment-polling-app/authentication-service/internal/handlers/rabbitmq/helpers.go:32.42,33.18 1 10
github.com/EmilioCliff/payment-polling-app/authentication-service/internal/handlers/rabbitmq/helpers.go:34.32,35.29 1 1
github.com/EmilioCliff/payment-polling-app/authentication-service/internal/handlers/rabbitmq/helpers.go:36.26,37.40 1 1
github.com/EmilioCliff/payment-polling-app/authentication-service/internal/handlers/rabbitmq/helpers.go:38.25,39.31 1 2
github.com/EmilioCliff/payment-polling-app/authentication-service/internal/handlers/rabbitmq/helpers.go:40.27,41.29 1 2
github.com/EmilioCliff/payment-polling-app/authentication-service/internal/handlers/rabbitmq/helpers.go:42.33,43.35 1 1
github.com/EmilioCliff/payment-polling-app/authentication-service/internal/handlers/rabbitmq/helpers.go:44.32,45.33 1 2
github.com/EmilioCliff/payment-polling-app/authentication-service/internal/handlers/rabbitmq/helpers.go:46.10,47.40 1 1
github.com/EmilioCliff/payment-polling-app/authentication-service/internal/mock/users.go:17.97,19.2 1 3
github.com/EmilioCliff/payment-polling-app/authentication-service/internal/mock/users.go:21.108,23.2 1 2
github.com/EmilioCliff/payment-polling-app/authentication-service/internal/mock/users.go:25.97,27.2 1 0
github.com/EmilioCliff/payment-polling-app/authentication-service/internal/repository/users.go:22.33,23.22 1 2
github.com/EmilioCliff/payment-polling-app/authentication-service/internal/repository/users.go:23.22,25.3 1 1
github.com/EmilioCliff/payment-polling-app/authentication-service/internal/repository/users.go:26.2,26.19 1 1
github.com/EmilioCliff/payment-polling-app/authentication-service/internal/repository/users.go:26.19,28.3 1 0
github.com/EmilioCliff/payment-polling-app/authentication-service/internal/repository/users.go:29.2,29.22 1 1
github.com/EmilioCliff/payment-polling-app/authentication-service/internal/repository/users.go:29.22,31.3 1 0
github.com/EmilioCliff/payment-polling-app/authentication-service/internal/repository/users.go:32.2,32.26 1 1
github.com/EmilioCliff/payment-polling-app/authentication-service/internal/repository/users.go:32.26,34.3 1 0
github.com/EmilioCliff/payment-polling-app/authentication-service/internal/repository/users.go:35.2,35.27 1 1
github.com/EmilioCliff/payment-polling-app/authentication-service/internal/repository/users.go:35.27,37.3 1 0
github.com/EmilioCliff/payment-polling-app/authentication-service/internal/repository/users.go:38.2,38.29 1 1
github.com/EmilioCliff/payment-polling-app/authentication-service/internal/repository/users.go:38.29,40.3 1 0
github.com/EmilioCliff/payment-polling-app/authentication-service/internal/repository/users.go:41.2,41.29 1 1
github.com/EmilioCliff/payment-polling-app/authentication-service/internal/repository/users.go:41.29,43.3 1 0
github.com/EmilioCliff/payment-polling-app/authentication-service/internal/repository/users.go:45.2,45.12 1 1
github.com/EmilioCliff/payment-polling-app/authentication-service/pkg/config.go:29.46,34.45 3 0
github.com/EmilioCliff/payment-polling-app/authentication-service/pkg/config.go:34.45,36.3 1 0
github.com/EmilioCliff/payment-polling-app/authentication-service/pkg/config.go:38.2,41.20 3 0
github.com/EmilioCliff/payment-polling-app/authentication-service/pkg/encryptor.go:12.60,14.16 2 2
github.com/EmilioCliff/payment-polling-app/authentication-service/pkg/encryptor.go:14.16,16.3 1 1
github.com/EmilioCliff/payment-polling-app/authentication-service/pkg/encryptor.go:18.2,21.56 3 1
github.com/EmilioCliff/payment-polling-app/authentication-service/pkg/encryptor.go:21.56,23.3 1 0
github.com/EmilioCliff/payment-polling-app/authentication-service/pkg/encryptor.go:25.2,28.59 3 1
github.com/EmilioCliff/payment-polling-app/authentication-service/pkg/encryptor.go:31.61,33.16 2 4
github.com/EmilioCliff/payment-polling-app/authentication-service/pkg/encryptor.go:33.16,35.3 1 1
github.com/EmilioCliff/payment-polling-app/authentication-service/pkg/encryptor.go:37.2,38.16 2 3
github.com/EmilioCliff/payment-polling-app/authentication-service/pkg/encryptor.go:38.16,40.3 1 1
github.com/EmilioCliff/payment-polling-app/authentication-service/pkg/encryptor.go:42.2,42.42 1 2
github.com/EmilioCliff/payment-polling-app/authentication-service/pkg/encryptor.go:42.42,44.3 1 1
github.com/EmilioCliff/payment-polling-app/authentication-service/pkg/encryptor.go:46.2,52.37 5 1
github.com/EmilioCliff/payment-polling-app/authentication-service/pkg/errors.go:24.32,26.2 1 0
github.com/EmilioCliff/payment-polling-app/authentication-service/pkg/errors.go:28.34,31.16 2 0
github.com/EmilioCliff/payment-polling-app/authentication-service/pkg/errors.go:31.16,33.3 1 0
github.com/EmilioCliff/payment-polling-app/authentication-service/pkg/errors.go:33.8,33.31 1 0
github.com/EmilioCliff/payment-polling-app/authentication-service/pkg/errors.go:33.31,35.3 1 0
github.com/EmilioCliff/payment-polling-app/authentication-service/pkg/errors.go:37.2,37.23 1 0
github.com/EmilioCliff/payment-polling-app/authentication-service/pkg/errors.go:40.37,43.16 2 0
github.com/EmilioCliff/payment-polling-app/authentication-service/pkg/errors.go:43.16,45.3 1 0
github.com/EmilioCliff/payment-polling-app/authentication-service/pkg/errors.go:45.8,45.31 1 0
github.com/EmilioCliff/payment-polling-app/authentication-service/pkg/errors.go:45.31,47.3 1 0
github.com/EmilioCliff/payment-polling-app/authentication-service/pkg/errors.go:49.2,49.26 1 0
github.com/EmilioCliff/payment-polling-app/authentication-service/pkg/errors.go:53.61,58.2 1 0
github.com/EmilioCliff/payment-polling-app/authentication-service/pkg/password.go:9.70,11.16 2 1
github.com/EmilioCliff/payment-polling-app/authentication-service/pkg/password.go:11.16,13.3 1 0
github.com/EmilioCliff/payment-polling-app/authentication-service/pkg/password.go:15.2,15.34 1 1
github.com/EmilioCliff/payment-polling-app/authentication-service/pkg/password.go:18.69,20.2 1 1
github.com/EmilioCliff/payment-polling-app/authentication-service/pkg/token.go:31.82,33.16 2 4
github.com/EmilioCliff/payment-polling-app/authentication-service/pkg/token.go:33.16,35.3 1 0
github.com/EmilioCliff/payment-polling-app/authentication-service/pkg/token.go:37.2,38.16 2 4
github.com/EmilioCliff/payment-polling-app/authentication-service/pkg/token.go:38.16,40.3 1 0
github.com/EmilioCliff/payment-polling-app/authentication-service/pkg/token.go:42.2,43.16 2 4
github.com/EmilioCliff/payment-polling-app/authentication-service/pkg/token.go:43.16,45.3 1 0
github.com/EmilioCliff/payment-polling-app/authentication-service/pkg/token.go:47.2,48.16 2 4
github.com/EmilioCliff/payment-polling-app/authentication-service/pkg/token.go:48.16,50.3 1 0
github.com/EmilioCliff/payment-polling-app/authentication-service/pkg/token.go:52.2,57.19 2 4
github.com/EmilioCliff/payment-polling-app/authentication-service/pkg/token.go:60.93,62.16 2 2
github.com/EmilioCliff/payment-polling-app/authentication-service/pkg/token.go:62.16,64.3 1 0
github.com/EmilioCliff/payment-polling-app/authentication-service/pkg/token.go:66.2,79.19 4 2
github.com/EmilioCliff/payment-polling-app/authentication-service/pkg/token.go:82.68,83.49 1 4
github.com/EmilioCliff/payment-polling-app/authentication-service/pkg/token.go:83.49,85.10 2 4
github.com/EmilioCliff/payment-polling-app/authentication-service/pkg/token.go:85.10,87.4 1 1
github.com/EmilioCliff/payment-polling-app/authentication-service/pkg/token.go:89.3,89.30 1 3
github.com/EmilioCliff/payment-polling-app/authentication-service/pkg/token.go:92.2,93.16 2 4
github.com/EmilioCliff/payment-polling-app/authentication-service/pkg/token.go:93.16,95.3 1 2
github.com/EmilioCliff/payment-polling-app/authentication-service/pkg/token.go:97.2,98.9 2 2
github.com/EmilioCliff/payment-polling-app/authentication-service/pkg/token.go:98.9,100.3 1 0
github.com/EmilioCliff/payment-polling-app/authentication-service/pkg/token.go:102.2,102.50 1 2
github.com/EmilioCliff/payment-polling-app/authentication-service/pkg/token.go:102.50,104.3 1 1
github.com/EmilioCliff/payment-polling-app/authentication-service/pkg/token.go:106.2,106.64 1 1
github.com/EmilioCliff/payment-polling-app/authentication-service/pkg/token.go:106.64,108.3 1 0
github.com/EmilioCliff/payment-polling-app/authentication-service/pkg/token.go:110.2,110.21 1 1
github.com/EmilioCliff/payment-polling-app/authentication-service/internal/handlers/Grpc/server.go:26.76,32.2 1 5
github.com/EmilioCliff/payment-polling-app/authentication-service/internal/handlers/Grpc/server.go:34.47,44.16 7 2
github.com/EmilioCliff/payment-polling-app/authentication-service/internal/handlers/Grpc/server.go:44.16,46.3 1 1
github.com/EmilioCliff/payment-polling-app/authentication-service/internal/handlers/Grpc/server.go:60.2,60.37 1 1
github.com/EmilioCliff/payment-polling-app/authentication-service/internal/handlers/Grpc/server.go:66.29,70.25 3 2
github.com/EmilioCliff/payment-polling-app/authentication-service/internal/handlers/Grpc/server.go:70.25,72.3 1 2
github.com/EmilioCliff/payment-polling-app/authentication-service/internal/handlers/Grpc/users.go:20.37,30.16 2 2
github.com/EmilioCliff/payment-polling-app/authentication-service/internal/handlers/Grpc/users.go:30.16,38.3 2 1
github.com/EmilioCliff/payment-polling-app/authentication-service/internal/handlers/Grpc/users.go:40.2,44.8 1 1
github.com/EmilioCliff/payment-polling-app/authentication-service/internal/handlers/Grpc/users.go:47.110,49.16 2 3
github.com/EmilioCliff/payment-polling-app/authentication-service/internal/handlers/Grpc/users.go:49.16,57.3 2 1
github.com/EmilioCliff/payment-polling-app/authentication-service/internal/handlers/Grpc/users.go:59.2,60.16 2 2
github.com/EmilioCliff/payment-polling-app/authentication-service/internal/handlers/Grpc/users.go:60.16,68.3 2 1
github.com/EmilioCliff/payment-polling-app/authentication-service/internal/handlers/Grpc/users.go:70.2,71.16 2 1
github.com/EmilioCliff/payment-polling-app/authentication-service/internal/handlers/Grpc/users.go:71.16,79.3 2 0
github.com/EmilioCliff/payment-polling-app/authentication-service/internal/handlers/Grpc/users.go:81.2,89.8 1 1
github.com/EmilioCliff/payment-polling-app/authentication-service/internal/handlers/Grpc/users.go:92.104,94.16 2 3
github.com/EmilioCliff/payment-polling-app/authentication-service/internal/handlers/Grpc/users.go:94.16,95.27 1 2
github.com/EmilioCliff/payment-polling-app/authentication-service/internal/handlers/Grpc/users.go:95.27,97.4 1 1
github.com/EmilioCliff/payment-polling-app/authentication-service/internal/handlers/Grpc/users.go:99.3,99.69 1 1
github.com/EmilioCliff/payment-polling-app/authentication-service/internal/handlers/Grpc/users.go:102.2,107.8 1 1
github.com/EmilioCliff/payment-polling-app/authentication-service/internal/handlers/Grpc/users.go:110.45,111.13 1 10
github.com/EmilioCliff/payment-polling-app/authentication-service/internal/handlers/Grpc/users.go:112.32,113.29 1 1
github.com/EmilioCliff/payment-polling-app/authentication-service/internal/handlers/Grpc/users.go:114.26,115.24 1 3
github.com/EmilioCliff/payment-polling-app/authentication-service/internal/handlers/Grpc/users.go:116.25,117.31 1 2
github.com/EmilioCliff/payment-polling-app/authentication-service/internal/handlers/Grpc/users.go:118.27,119.24 1 1
github.com/EmilioCliff/payment-polling-app/authentication-service/internal/handlers/Grpc/users.go:120.33,121.29 1 1
github.com/EmilioCliff/payment-polling-app/authentication-service/internal/handlers/Grpc/users.go:122.32,123.31 1 1
github.com/EmilioCliff/payment-polling-app/authentication-service/internal/handlers/Grpc/users.go:124.10,125.24 1 1
github.com/EmilioCliff/payment-polling-app/authentication-service/internal/mock/users.go:17.97,19.2 1 3
github.com/EmilioCliff/payment-polling-app/authentication-service/internal/mock/users.go:21.108,23.2 1 2
github.com/EmilioCliff/payment-polling-app/authentication-service/internal/mock/users.go:25.97,27.2 1 3
github.com/EmilioCliff/payment-polling-app/authentication-service/internal/repository/users.go:22.33,23.22 1 2
github.com/EmilioCliff/payment-polling-app/authentication-service/internal/repository/users.go:23.22,25.3 1 1
github.com/EmilioCliff/payment-polling-app/authentication-service/internal/repository/users.go:26.2,26.19 1 1
github.com/EmilioCliff/payment-polling-app/authentication-service/internal/repository/users.go:26.19,28.3 1 0
github.com/EmilioCliff/payment-polling-app/authentication-service/internal/repository/users.go:29.2,29.22 1 1
github.com/EmilioCliff/payment-polling-app/authentication-service/internal/repository/users.go:29.22,31.3 1 0
github.com/EmilioCliff/payment-polling-app/authentication-service/internal/repository/users.go:32.2,32.26 1 1
github.com/EmilioCliff/payment-polling-app/authentication-service/internal/repository/users.go:32.26,34.3 1 0
github.com/EmilioCliff/payment-polling-app/authentication-service/internal/repository/users.go:35.2,35.27 1 1
github.com/EmilioCliff/payment-polling-app/authentication-service/internal/repository/users.go:35.27,37.3 1 0
github.com/EmilioCliff/payment-polling-app/authentication-service/internal/repository/users.go:38.2,38.29 1 1
github.com/EmilioCliff/payment-polling-app/authentication-service/internal/repository/users.go:38.29,40.3 1 0
github.com/EmilioCliff/payment-polling-app/authentication-service/internal/repository/users.go:41.2,41.29 1 1
github.com/EmilioCliff/payment-polling-app/authentication-service/internal/repository/users.go:41.29,43.3 1 0
github.com/EmilioCliff/payment-polling-app/authentication-service/internal/repository/users.go:45.2,45.12 1 1
